[2020-10-13 20:54:16.083][debug][command:d0e6cf3c-6eeb-41a3-88be-ae8ec3a0b248][tid:01][com.facebook.buck.event.listener.RenderingConsole] Starting render scheduler (interval 100 ms)
[2020-10-13 20:54:16.092][debug][command:null][tid:19][com.facebook.buck.util.perf.ProcessTracker] startUp
[2020-10-13 20:54:16.092][debug][command:null][tid:19][com.facebook.buck.util.perf.ProcessTracker] startUp
[2020-10-13 20:54:22.212][debug][command:d0e6cf3c-6eeb-41a3-88be-ae8ec3a0b248][tid:01][com.facebook.buck.util.randomizedtrial.RandomizedTrial] Determined key: 'ailabdev@magnai/depsaware_executor/d0e6cf3c-6eeb-41a3-88be-ae8ec3a0b248'
[2020-10-13 20:54:22.220][debug][command:d0e6cf3c-6eeb-41a3-88be-ae8ec3a0b248][tid:01][com.facebook.buck.cli.MainRunner] InvocationInfo BuildId=[d0e6cf3c-6eeb-41a3-88be-ae8ec3a0b248] Args=[run, :mfast.h]
[2020-10-13 20:54:22.239][info ][command:d0e6cf3c-6eeb-41a3-88be-ae8ec3a0b248][tid:01][com.facebook.buck.support.build.report.BuildReportUtils] Build report is not enabled
[2020-10-13 20:54:22.277][warn ][command:null][tid:24][com.facebook.buck.event.listener.PublicAnnouncementManager] Failed to get public announcements. Reason: Failed to establish connection to server.
[2020-10-13 20:54:22.277][warn ][command:null][tid:24][com.facebook.buck.event.listener.PublicAnnouncementManager] Failed to get public announcements. Reason: Failed to establish connection to server.
[2020-10-13 20:54:22.278][info ][command:d0e6cf3c-6eeb-41a3-88be-ae8ec3a0b248][tid:01][com.facebook.buck.support.build.report.BuildReportUtils] Build report is not enabled
[2020-10-13 20:54:22.315][info ][command:d0e6cf3c-6eeb-41a3-88be-ae8ec3a0b248][tid:21][com.facebook.buck.event.listener.LoggingBuildListener] Build started at 2020-10-13 20:54:22.315
[2020-10-13 20:54:22.338][warn ][command:d0e6cf3c-6eeb-41a3-88be-ae8ec3a0b248][tid:01][com.facebook.buck.util.Console] Build failure: No build file at BUCK when resolving target //:mfast.h.
[2020-10-13 20:54:22.339][warn ][command:d0e6cf3c-6eeb-41a3-88be-ae8ec3a0b248][tid:01][com.facebook.buck.util.Console] Build failure: No build file at BUCK when resolving target //:mfast.h.
[2020-10-13 20:54:22.339][info ][command:d0e6cf3c-6eeb-41a3-88be-ae8ec3a0b248][tid:21][com.facebook.buck.event.listener.LoggingBuildListener] Build finished at 2020-10-13 20:54:22.339
[2020-10-13 20:54:22.348][info ][command:d0e6cf3c-6eeb-41a3-88be-ae8ec3a0b248][tid:21][com.facebook.buck.event.listener.AbstractConsoleEventBusListener] 
Top slow rules: Buck didn't spend time in rules.
[2020-10-13 20:54:22.349][info ][command:d0e6cf3c-6eeb-41a3-88be-ae8ec3a0b248][tid:21][com.facebook.buck.event.listener.CriticalPathEventListener] Received command finished event for command : run
[2020-10-13 20:54:22.350][info ][command:null][tid:27][com.facebook.buck.core.graph.transformation.executor.impl.AbstractDepsAwareExecutor] Worker was interrupted
[2020-10-13 20:54:22.350][info ][command:null][tid:27][com.facebook.buck.core.graph.transformation.executor.impl.AbstractDepsAwareExecutor] Worker was interrupted
[2020-10-13 20:54:22.350][info ][command:null][tid:30][com.facebook.buck.core.graph.transformation.executor.impl.AbstractDepsAwareExecutor] Worker was interrupted
[2020-10-13 20:54:22.350][info ][command:null][tid:30][com.facebook.buck.core.graph.transformation.executor.impl.AbstractDepsAwareExecutor] Worker was interrupted
[2020-10-13 20:54:22.350][info ][command:null][tid:29][com.facebook.buck.core.graph.transformation.executor.impl.AbstractDepsAwareExecutor] Worker was interrupted
[2020-10-13 20:54:22.350][info ][command:null][tid:29][com.facebook.buck.core.graph.transformation.executor.impl.AbstractDepsAwareExecutor] Worker was interrupted
[2020-10-13 20:54:22.356][info ][command:null][tid:32][com.facebook.buck.core.graph.transformation.executor.impl.AbstractDepsAwareExecutor] Worker was interrupted
[2020-10-13 20:54:22.356][info ][command:null][tid:32][com.facebook.buck.core.graph.transformation.executor.impl.AbstractDepsAwareExecutor] Worker was interrupted
[2020-10-13 20:54:22.356][info ][command:null][tid:28][com.facebook.buck.core.graph.transformation.executor.impl.AbstractDepsAwareExecutor] Worker was interrupted
[2020-10-13 20:54:22.356][info ][command:null][tid:28][com.facebook.buck.core.graph.transformation.executor.impl.AbstractDepsAwareExecutor] Worker was interrupted
[2020-10-13 20:54:22.356][info ][command:null][tid:33][com.facebook.buck.core.graph.transformation.executor.impl.AbstractDepsAwareExecutor] Worker was interrupted
[2020-10-13 20:54:22.356][info ][command:null][tid:33][com.facebook.buck.core.graph.transformation.executor.impl.AbstractDepsAwareExecutor] Worker was interrupted
[2020-10-13 20:54:22.356][info ][command:null][tid:34][com.facebook.buck.core.graph.transformation.executor.impl.AbstractDepsAwareExecutor] Worker was interrupted
[2020-10-13 20:54:22.356][info ][command:null][tid:34][com.facebook.buck.core.graph.transformation.executor.impl.AbstractDepsAwareExecutor] Worker was interrupted
[2020-10-13 20:54:22.356][info ][command:null][tid:31][com.facebook.buck.core.graph.transformation.executor.impl.AbstractDepsAwareExecutor] Worker was interrupted
[2020-10-13 20:54:22.356][info ][command:null][tid:31][com.facebook.buck.core.graph.transformation.executor.impl.AbstractDepsAwareExecutor] Worker was interrupted
[2020-10-13 20:54:22.360][debug][command:d0e6cf3c-6eeb-41a3-88be-ae8ec3a0b248][tid:19][com.facebook.buck.util.perf.ProcessTracker] shutDown
[2020-10-13 20:54:22.361][debug][command:d0e6cf3c-6eeb-41a3-88be-ae8ec3a0b248][tid:01][com.facebook.buck.event.listener.RenderingConsole] Stopping render scheduler
[2020-10-13 20:54:22.362][debug][command:d0e6cf3c-6eeb-41a3-88be-ae8ec3a0b248][tid:01][com.facebook.buck.event.listener.RenderingConsole] Stopping render scheduler
[2020-10-13 20:54:22.362][warn ][command:d0e6cf3c-6eeb-41a3-88be-ae8ec3a0b248][tid:01][com.facebook.buck.event.listener.RenderingConsole] Stopping console output (stderr was dirty).
[2020-10-13 20:54:22.362][info ][command:d0e6cf3c-6eeb-41a3-88be-ae8ec3a0b248][tid:01][com.facebook.buck.cli.MainRunner] Awaiting termination of PROJECT executor service. Waiting for all jobs to complete, or up to maximum of 60 seconds...
[2020-10-13 20:54:22.362][info ][command:d0e6cf3c-6eeb-41a3-88be-ae8ec3a0b248][tid:01][com.facebook.buck.cli.MainRunner] Successfully terminated PROJECT executor service.
[2020-10-13 20:54:22.362][info ][command:d0e6cf3c-6eeb-41a3-88be-ae8ec3a0b248][tid:01][com.facebook.buck.cli.MainRunner] Awaiting termination of NETWORK executor service. Waiting for all jobs to complete, or up to maximum of 60 seconds...
[2020-10-13 20:54:22.362][info ][command:d0e6cf3c-6eeb-41a3-88be-ae8ec3a0b248][tid:01][com.facebook.buck.cli.MainRunner] Successfully terminated NETWORK executor service.
[2020-10-13 20:54:22.362][info ][command:d0e6cf3c-6eeb-41a3-88be-ae8ec3a0b248][tid:01][com.facebook.buck.cli.MainRunner] Awaiting termination of GRAPH_CPU executor service. Waiting for all jobs to complete, or up to maximum of 60 seconds...
[2020-10-13 20:54:22.362][info ][command:d0e6cf3c-6eeb-41a3-88be-ae8ec3a0b248][tid:01][com.facebook.buck.cli.MainRunner] Successfully terminated GRAPH_CPU executor service.
[2020-10-13 20:54:22.362][info ][command:d0e6cf3c-6eeb-41a3-88be-ae8ec3a0b248][tid:01][com.facebook.buck.cli.MainRunner] Awaiting termination of CPU executor service. Waiting for all jobs to complete, or up to maximum of 60 seconds...
[2020-10-13 20:54:22.363][info ][command:d0e6cf3c-6eeb-41a3-88be-ae8ec3a0b248][tid:01][com.facebook.buck.cli.MainRunner] Successfully terminated CPU executor service.
[2020-10-13 20:54:22.363][info ][command:d0e6cf3c-6eeb-41a3-88be-ae8ec3a0b248][tid:01][com.facebook.buck.cli.MainRunner] Awaiting termination of ScheduledExecutorService executor service. Waiting for all jobs to complete, or up to maximum of 60 seconds...
[2020-10-13 20:54:22.363][info ][command:d0e6cf3c-6eeb-41a3-88be-ae8ec3a0b248][tid:01][com.facebook.buck.cli.MainRunner] Successfully terminated ScheduledExecutorService executor service.
[2020-10-13 20:54:22.363][info ][command:d0e6cf3c-6eeb-41a3-88be-ae8ec3a0b248][tid:01][com.facebook.buck.cli.MainRunner] Awaiting termination of CounterAggregatorExecutor executor service. Waiting for all jobs to complete, or up to maximum of 20 seconds...
[2020-10-13 20:54:22.363][info ][command:d0e6cf3c-6eeb-41a3-88be-ae8ec3a0b248][tid:01][com.facebook.buck.cli.MainRunner] Successfully terminated CounterAggregatorExecutor executor service.
[2020-10-13 20:54:22.363][info ][command:d0e6cf3c-6eeb-41a3-88be-ae8ec3a0b248][tid:01][com.facebook.buck.cli.MainRunner] Awaiting termination of HTTP Read executor service. Waiting for all jobs to complete, or up to maximum of 1800 seconds...
[2020-10-13 20:54:22.363][info ][command:d0e6cf3c-6eeb-41a3-88be-ae8ec3a0b248][tid:01][com.facebook.buck.cli.MainRunner] Successfully terminated HTTP Read executor service.
[2020-10-13 20:54:22.363][info ][command:d0e6cf3c-6eeb-41a3-88be-ae8ec3a0b248][tid:01][com.facebook.buck.cli.MainRunner] Awaiting termination of HTTP Write executor service. Waiting for all jobs to complete, or up to maximum of 1800 seconds...
[2020-10-13 20:54:22.363][info ][command:d0e6cf3c-6eeb-41a3-88be-ae8ec3a0b248][tid:01][com.facebook.buck.cli.MainRunner] Successfully terminated HTTP Write executor service.
[2020-10-13 20:54:22.363][info ][command:d0e6cf3c-6eeb-41a3-88be-ae8ec3a0b248][tid:01][com.facebook.buck.cli.MainRunner] Awaiting termination of Disk IO executor service. Waiting for all jobs to complete, or up to maximum of 10 seconds...
[2020-10-13 20:54:22.363][info ][command:d0e6cf3c-6eeb-41a3-88be-ae8ec3a0b248][tid:01][com.facebook.buck.cli.MainRunner] Successfully terminated Disk IO executor service.
[2020-10-13 20:54:22.365][info ][command:d0e6cf3c-6eeb-41a3-88be-ae8ec3a0b248][tid:01][com.facebook.buck.cli.MainRunner] Auto fixing is not enabled for command run
[2020-10-13 20:54:22.372][debug][command:null][tid:38][com.facebook.buck.event.listener.ChromeTraceBuildListener] Writing Chrome trace to buck-out/log/2020-10-13_12h54m16s_runcommand_d0e6cf3c-6eeb-41a3-88be-ae8ec3a0b248/build.2020-10-13.20-54-22.d0e6cf3c-6eeb-41a3-88be-ae8ec3a0b248.trace
[2020-10-13 20:54:22.386][debug][command:null][tid:01][com.facebook.buck.cli.MainRunner] Done.
