[2020-10-13 20:53:30.105][debug][command:07949e04-5f0c-4898-9dea-a713657ac5f4][tid:01][com.facebook.buck.event.listener.RenderingConsole] Starting render scheduler (interval 100 ms)
[2020-10-13 20:53:30.114][debug][command:null][tid:19][com.facebook.buck.util.perf.ProcessTracker] startUp
[2020-10-13 20:53:30.114][debug][command:null][tid:19][com.facebook.buck.util.perf.ProcessTracker] startUp
[2020-10-13 20:53:42.230][debug][command:07949e04-5f0c-4898-9dea-a713657ac5f4][tid:01][com.facebook.buck.util.randomizedtrial.RandomizedTrial] Determined key: 'ailabdev@magnai/depsaware_executor/07949e04-5f0c-4898-9dea-a713657ac5f4'
[2020-10-13 20:53:42.238][debug][command:07949e04-5f0c-4898-9dea-a713657ac5f4][tid:01][com.facebook.buck.cli.MainRunner] InvocationInfo BuildId=[07949e04-5f0c-4898-9dea-a713657ac5f4] Args=[run, :.]
[2020-10-13 20:53:42.257][info ][command:07949e04-5f0c-4898-9dea-a713657ac5f4][tid:01][com.facebook.buck.support.build.report.BuildReportUtils] Build report is not enabled
[2020-10-13 20:53:42.288][warn ][command:null][tid:24][com.facebook.buck.event.listener.PublicAnnouncementManager] Failed to get public announcements. Reason: Failed to establish connection to server.
[2020-10-13 20:53:42.288][warn ][command:null][tid:24][com.facebook.buck.event.listener.PublicAnnouncementManager] Failed to get public announcements. Reason: Failed to establish connection to server.
[2020-10-13 20:53:42.289][info ][command:07949e04-5f0c-4898-9dea-a713657ac5f4][tid:01][com.facebook.buck.support.build.report.BuildReportUtils] Build report is not enabled
[2020-10-13 20:53:50.338][info ][command:07949e04-5f0c-4898-9dea-a713657ac5f4][tid:21][com.facebook.buck.event.listener.LoggingBuildListener] Build started at 2020-10-13 20:53:50.337
[2020-10-13 20:53:50.362][warn ][command:07949e04-5f0c-4898-9dea-a713657ac5f4][tid:01][com.facebook.buck.util.Console] Build failure: No build file at BUCK when resolving target //:..
[2020-10-13 20:53:50.362][warn ][command:07949e04-5f0c-4898-9dea-a713657ac5f4][tid:01][com.facebook.buck.util.Console] Build failure: No build file at BUCK when resolving target //:..
[2020-10-13 20:53:50.363][info ][command:07949e04-5f0c-4898-9dea-a713657ac5f4][tid:21][com.facebook.buck.event.listener.LoggingBuildListener] Build finished at 2020-10-13 20:53:50.362
[2020-10-13 20:53:50.372][info ][command:07949e04-5f0c-4898-9dea-a713657ac5f4][tid:21][com.facebook.buck.event.listener.AbstractConsoleEventBusListener] 
Top slow rules: Buck didn't spend time in rules.
[2020-10-13 20:53:50.372][info ][command:07949e04-5f0c-4898-9dea-a713657ac5f4][tid:21][com.facebook.buck.event.listener.CriticalPathEventListener] Received command finished event for command : run
[2020-10-13 20:53:50.373][info ][command:null][tid:33][com.facebook.buck.core.graph.transformation.executor.impl.AbstractDepsAwareExecutor] Worker was interrupted
[2020-10-13 20:53:50.373][info ][command:null][tid:33][com.facebook.buck.core.graph.transformation.executor.impl.AbstractDepsAwareExecutor] Worker was interrupted
[2020-10-13 20:53:50.373][info ][command:null][tid:27][com.facebook.buck.core.graph.transformation.executor.impl.AbstractDepsAwareExecutor] Worker was interrupted
[2020-10-13 20:53:50.373][info ][command:null][tid:28][com.facebook.buck.core.graph.transformation.executor.impl.AbstractDepsAwareExecutor] Worker was interrupted
[2020-10-13 20:53:50.373][info ][command:null][tid:27][com.facebook.buck.core.graph.transformation.executor.impl.AbstractDepsAwareExecutor] Worker was interrupted
[2020-10-13 20:53:50.373][info ][command:null][tid:28][com.facebook.buck.core.graph.transformation.executor.impl.AbstractDepsAwareExecutor] Worker was interrupted
[2020-10-13 20:53:50.373][info ][command:null][tid:32][com.facebook.buck.core.graph.transformation.executor.impl.AbstractDepsAwareExecutor] Worker was interrupted
[2020-10-13 20:53:50.373][info ][command:null][tid:32][com.facebook.buck.core.graph.transformation.executor.impl.AbstractDepsAwareExecutor] Worker was interrupted
[2020-10-13 20:53:50.373][info ][command:null][tid:31][com.facebook.buck.core.graph.transformation.executor.impl.AbstractDepsAwareExecutor] Worker was interrupted
[2020-10-13 20:53:50.373][info ][command:null][tid:31][com.facebook.buck.core.graph.transformation.executor.impl.AbstractDepsAwareExecutor] Worker was interrupted
[2020-10-13 20:53:50.373][info ][command:null][tid:29][com.facebook.buck.core.graph.transformation.executor.impl.AbstractDepsAwareExecutor] Worker was interrupted
[2020-10-13 20:53:50.373][info ][command:null][tid:29][com.facebook.buck.core.graph.transformation.executor.impl.AbstractDepsAwareExecutor] Worker was interrupted
[2020-10-13 20:53:50.374][info ][command:null][tid:34][com.facebook.buck.core.graph.transformation.executor.impl.AbstractDepsAwareExecutor] Worker was interrupted
[2020-10-13 20:53:50.374][info ][command:null][tid:34][com.facebook.buck.core.graph.transformation.executor.impl.AbstractDepsAwareExecutor] Worker was interrupted
[2020-10-13 20:53:50.374][info ][command:null][tid:30][com.facebook.buck.core.graph.transformation.executor.impl.AbstractDepsAwareExecutor] Worker was interrupted
[2020-10-13 20:53:50.374][info ][command:null][tid:30][com.facebook.buck.core.graph.transformation.executor.impl.AbstractDepsAwareExecutor] Worker was interrupted
[2020-10-13 20:53:50.377][debug][command:07949e04-5f0c-4898-9dea-a713657ac5f4][tid:19][com.facebook.buck.util.perf.ProcessTracker] shutDown
[2020-10-13 20:53:50.378][debug][command:07949e04-5f0c-4898-9dea-a713657ac5f4][tid:01][com.facebook.buck.event.listener.RenderingConsole] Stopping render scheduler
[2020-10-13 20:53:50.379][debug][command:07949e04-5f0c-4898-9dea-a713657ac5f4][tid:01][com.facebook.buck.event.listener.RenderingConsole] Stopping render scheduler
[2020-10-13 20:53:50.379][warn ][command:07949e04-5f0c-4898-9dea-a713657ac5f4][tid:01][com.facebook.buck.event.listener.RenderingConsole] Stopping console output (stderr was dirty).
[2020-10-13 20:53:50.379][info ][command:07949e04-5f0c-4898-9dea-a713657ac5f4][tid:01][com.facebook.buck.cli.MainRunner] Awaiting termination of PROJECT executor service. Waiting for all jobs to complete, or up to maximum of 60 seconds...
[2020-10-13 20:53:50.379][info ][command:07949e04-5f0c-4898-9dea-a713657ac5f4][tid:01][com.facebook.buck.cli.MainRunner] Successfully terminated PROJECT executor service.
[2020-10-13 20:53:50.379][info ][command:07949e04-5f0c-4898-9dea-a713657ac5f4][tid:01][com.facebook.buck.cli.MainRunner] Awaiting termination of NETWORK executor service. Waiting for all jobs to complete, or up to maximum of 60 seconds...
[2020-10-13 20:53:50.379][info ][command:07949e04-5f0c-4898-9dea-a713657ac5f4][tid:01][com.facebook.buck.cli.MainRunner] Successfully terminated NETWORK executor service.
[2020-10-13 20:53:50.379][info ][command:07949e04-5f0c-4898-9dea-a713657ac5f4][tid:01][com.facebook.buck.cli.MainRunner] Awaiting termination of GRAPH_CPU executor service. Waiting for all jobs to complete, or up to maximum of 60 seconds...
[2020-10-13 20:53:50.379][info ][command:07949e04-5f0c-4898-9dea-a713657ac5f4][tid:01][com.facebook.buck.cli.MainRunner] Successfully terminated GRAPH_CPU executor service.
[2020-10-13 20:53:50.379][info ][command:07949e04-5f0c-4898-9dea-a713657ac5f4][tid:01][com.facebook.buck.cli.MainRunner] Awaiting termination of CPU executor service. Waiting for all jobs to complete, or up to maximum of 60 seconds...
[2020-10-13 20:53:50.379][info ][command:07949e04-5f0c-4898-9dea-a713657ac5f4][tid:01][com.facebook.buck.cli.MainRunner] Successfully terminated CPU executor service.
[2020-10-13 20:53:50.380][info ][command:07949e04-5f0c-4898-9dea-a713657ac5f4][tid:01][com.facebook.buck.cli.MainRunner] Awaiting termination of ScheduledExecutorService executor service. Waiting for all jobs to complete, or up to maximum of 60 seconds...
[2020-10-13 20:53:50.380][info ][command:07949e04-5f0c-4898-9dea-a713657ac5f4][tid:01][com.facebook.buck.cli.MainRunner] Successfully terminated ScheduledExecutorService executor service.
[2020-10-13 20:53:50.380][info ][command:07949e04-5f0c-4898-9dea-a713657ac5f4][tid:01][com.facebook.buck.cli.MainRunner] Awaiting termination of CounterAggregatorExecutor executor service. Waiting for all jobs to complete, or up to maximum of 20 seconds...
[2020-10-13 20:53:50.380][info ][command:07949e04-5f0c-4898-9dea-a713657ac5f4][tid:01][com.facebook.buck.cli.MainRunner] Successfully terminated CounterAggregatorExecutor executor service.
[2020-10-13 20:53:50.380][info ][command:07949e04-5f0c-4898-9dea-a713657ac5f4][tid:01][com.facebook.buck.cli.MainRunner] Awaiting termination of HTTP Read executor service. Waiting for all jobs to complete, or up to maximum of 1800 seconds...
[2020-10-13 20:53:50.380][info ][command:07949e04-5f0c-4898-9dea-a713657ac5f4][tid:01][com.facebook.buck.cli.MainRunner] Successfully terminated HTTP Read executor service.
[2020-10-13 20:53:50.380][info ][command:07949e04-5f0c-4898-9dea-a713657ac5f4][tid:01][com.facebook.buck.cli.MainRunner] Awaiting termination of HTTP Write executor service. Waiting for all jobs to complete, or up to maximum of 1800 seconds...
[2020-10-13 20:53:50.380][info ][command:07949e04-5f0c-4898-9dea-a713657ac5f4][tid:01][com.facebook.buck.cli.MainRunner] Successfully terminated HTTP Write executor service.
[2020-10-13 20:53:50.380][info ][command:07949e04-5f0c-4898-9dea-a713657ac5f4][tid:01][com.facebook.buck.cli.MainRunner] Awaiting termination of Disk IO executor service. Waiting for all jobs to complete, or up to maximum of 10 seconds...
[2020-10-13 20:53:50.380][info ][command:07949e04-5f0c-4898-9dea-a713657ac5f4][tid:01][com.facebook.buck.cli.MainRunner] Successfully terminated Disk IO executor service.
[2020-10-13 20:53:50.382][info ][command:07949e04-5f0c-4898-9dea-a713657ac5f4][tid:01][com.facebook.buck.cli.MainRunner] Auto fixing is not enabled for command run
[2020-10-13 20:53:50.389][debug][command:null][tid:38][com.facebook.buck.event.listener.ChromeTraceBuildListener] Writing Chrome trace to buck-out/log/2020-10-13_12h53m30s_runcommand_07949e04-5f0c-4898-9dea-a713657ac5f4/build.2020-10-13.20-53-42.07949e04-5f0c-4898-9dea-a713657ac5f4.trace
[2020-10-13 20:53:50.394][debug][command:null][tid:01][com.facebook.buck.cli.MainRunner] Done.
