[2020-10-13 20:54:52.760][debug][command:ff1c220f-657a-491a-8f0f-922c45e1e311][tid:01][com.facebook.buck.event.listener.RenderingConsole] Starting render scheduler (interval 100 ms)
[2020-10-13 20:54:52.775][debug][command:null][tid:19][com.facebook.buck.util.perf.ProcessTracker] startUp
[2020-10-13 20:54:52.775][debug][command:null][tid:19][com.facebook.buck.util.perf.ProcessTracker] startUp
[2020-10-13 20:54:52.858][debug][command:ff1c220f-657a-491a-8f0f-922c45e1e311][tid:01][com.facebook.buck.util.randomizedtrial.RandomizedTrial] Determined key: 'ailabdev@magnai/depsaware_executor/ff1c220f-657a-491a-8f0f-922c45e1e311'
[2020-10-13 20:54:52.866][debug][command:ff1c220f-657a-491a-8f0f-922c45e1e311][tid:01][com.facebook.buck.cli.MainRunner] InvocationInfo BuildId=[ff1c220f-657a-491a-8f0f-922c45e1e311] Args=[build, :mfast]
[2020-10-13 20:54:52.888][info ][command:ff1c220f-657a-491a-8f0f-922c45e1e311][tid:01][com.facebook.buck.support.build.report.BuildReportUtils] Build report is not enabled
[2020-10-13 20:54:52.916][info ][command:ff1c220f-657a-491a-8f0f-922c45e1e311][tid:01][com.facebook.buck.support.build.report.BuildReportUtils] Build report is not enabled
[2020-10-13 20:54:52.916][warn ][command:null][tid:24][com.facebook.buck.event.listener.PublicAnnouncementManager] Failed to get public announcements. Reason: Failed to establish connection to server.
[2020-10-13 20:54:52.916][warn ][command:null][tid:24][com.facebook.buck.event.listener.PublicAnnouncementManager] Failed to get public announcements. Reason: Failed to establish connection to server.
[2020-10-13 20:54:52.951][info ][command:ff1c220f-657a-491a-8f0f-922c45e1e311][tid:21][com.facebook.buck.event.listener.LoggingBuildListener] Build started at 2020-10-13 20:54:52.950
[2020-10-13 20:54:52.980][warn ][command:ff1c220f-657a-491a-8f0f-922c45e1e311][tid:01][com.facebook.buck.util.Console] Build failure: No build file at BUCK when resolving target //:mfast.
[2020-10-13 20:54:52.981][warn ][command:ff1c220f-657a-491a-8f0f-922c45e1e311][tid:01][com.facebook.buck.util.Console] Build failure: No build file at BUCK when resolving target //:mfast.
[2020-10-13 20:54:52.981][info ][command:ff1c220f-657a-491a-8f0f-922c45e1e311][tid:21][com.facebook.buck.event.listener.LoggingBuildListener] Build finished at 2020-10-13 20:54:52.981
[2020-10-13 20:54:52.989][info ][command:ff1c220f-657a-491a-8f0f-922c45e1e311][tid:21][com.facebook.buck.event.listener.AbstractConsoleEventBusListener] 
Top slow rules: Buck didn't spend time in rules.
[2020-10-13 20:54:52.989][info ][command:ff1c220f-657a-491a-8f0f-922c45e1e311][tid:21][com.facebook.buck.event.listener.CriticalPathEventListener] Received command finished event for command : build
[2020-10-13 20:54:52.990][info ][command:null][tid:29][com.facebook.buck.core.graph.transformation.executor.impl.AbstractDepsAwareExecutor] Worker was interrupted
[2020-10-13 20:54:52.990][info ][command:null][tid:27][com.facebook.buck.core.graph.transformation.executor.impl.AbstractDepsAwareExecutor] Worker was interrupted
[2020-10-13 20:54:52.990][info ][command:null][tid:32][com.facebook.buck.core.graph.transformation.executor.impl.AbstractDepsAwareExecutor] Worker was interrupted
[2020-10-13 20:54:52.990][info ][command:null][tid:27][com.facebook.buck.core.graph.transformation.executor.impl.AbstractDepsAwareExecutor] Worker was interrupted
[2020-10-13 20:54:52.990][info ][command:null][tid:32][com.facebook.buck.core.graph.transformation.executor.impl.AbstractDepsAwareExecutor] Worker was interrupted
[2020-10-13 20:54:52.990][info ][command:null][tid:29][com.facebook.buck.core.graph.transformation.executor.impl.AbstractDepsAwareExecutor] Worker was interrupted
[2020-10-13 20:54:52.990][info ][command:null][tid:34][com.facebook.buck.core.graph.transformation.executor.impl.AbstractDepsAwareExecutor] Worker was interrupted
[2020-10-13 20:54:52.990][info ][command:null][tid:34][com.facebook.buck.core.graph.transformation.executor.impl.AbstractDepsAwareExecutor] Worker was interrupted
[2020-10-13 20:54:52.991][info ][command:null][tid:35][com.facebook.buck.core.graph.transformation.executor.impl.AbstractDepsAwareExecutor] Worker was interrupted
[2020-10-13 20:54:52.991][info ][command:null][tid:35][com.facebook.buck.core.graph.transformation.executor.impl.AbstractDepsAwareExecutor] Worker was interrupted
[2020-10-13 20:54:52.991][info ][command:null][tid:28][com.facebook.buck.core.graph.transformation.executor.impl.AbstractDepsAwareExecutor] Worker was interrupted
[2020-10-13 20:54:52.991][info ][command:null][tid:28][com.facebook.buck.core.graph.transformation.executor.impl.AbstractDepsAwareExecutor] Worker was interrupted
[2020-10-13 20:54:52.991][info ][command:null][tid:30][com.facebook.buck.core.graph.transformation.executor.impl.AbstractDepsAwareExecutor] Worker was interrupted
[2020-10-13 20:54:52.991][info ][command:null][tid:30][com.facebook.buck.core.graph.transformation.executor.impl.AbstractDepsAwareExecutor] Worker was interrupted
[2020-10-13 20:54:52.991][info ][command:null][tid:31][com.facebook.buck.core.graph.transformation.executor.impl.AbstractDepsAwareExecutor] Worker was interrupted
[2020-10-13 20:54:52.991][info ][command:null][tid:31][com.facebook.buck.core.graph.transformation.executor.impl.AbstractDepsAwareExecutor] Worker was interrupted
[2020-10-13 20:54:52.993][debug][command:ff1c220f-657a-491a-8f0f-922c45e1e311][tid:19][com.facebook.buck.util.perf.ProcessTracker] shutDown
[2020-10-13 20:54:52.994][debug][command:ff1c220f-657a-491a-8f0f-922c45e1e311][tid:01][com.facebook.buck.event.listener.RenderingConsole] Stopping render scheduler
[2020-10-13 20:54:52.995][debug][command:ff1c220f-657a-491a-8f0f-922c45e1e311][tid:01][com.facebook.buck.event.listener.RenderingConsole] Stopping render scheduler
[2020-10-13 20:54:52.995][warn ][command:ff1c220f-657a-491a-8f0f-922c45e1e311][tid:01][com.facebook.buck.event.listener.RenderingConsole] Stopping console output (stderr was dirty).
[2020-10-13 20:54:52.995][info ][command:ff1c220f-657a-491a-8f0f-922c45e1e311][tid:01][com.facebook.buck.cli.MainRunner] Awaiting termination of PROJECT executor service. Waiting for all jobs to complete, or up to maximum of 60 seconds...
[2020-10-13 20:54:52.995][info ][command:ff1c220f-657a-491a-8f0f-922c45e1e311][tid:01][com.facebook.buck.cli.MainRunner] Successfully terminated PROJECT executor service.
[2020-10-13 20:54:52.995][info ][command:ff1c220f-657a-491a-8f0f-922c45e1e311][tid:01][com.facebook.buck.cli.MainRunner] Awaiting termination of NETWORK executor service. Waiting for all jobs to complete, or up to maximum of 60 seconds...
[2020-10-13 20:54:52.995][info ][command:ff1c220f-657a-491a-8f0f-922c45e1e311][tid:01][com.facebook.buck.cli.MainRunner] Successfully terminated NETWORK executor service.
[2020-10-13 20:54:52.995][info ][command:ff1c220f-657a-491a-8f0f-922c45e1e311][tid:01][com.facebook.buck.cli.MainRunner] Awaiting termination of GRAPH_CPU executor service. Waiting for all jobs to complete, or up to maximum of 60 seconds...
[2020-10-13 20:54:52.995][info ][command:ff1c220f-657a-491a-8f0f-922c45e1e311][tid:01][com.facebook.buck.cli.MainRunner] Successfully terminated GRAPH_CPU executor service.
[2020-10-13 20:54:52.995][info ][command:ff1c220f-657a-491a-8f0f-922c45e1e311][tid:01][com.facebook.buck.cli.MainRunner] Awaiting termination of CPU executor service. Waiting for all jobs to complete, or up to maximum of 60 seconds...
[2020-10-13 20:54:52.995][info ][command:ff1c220f-657a-491a-8f0f-922c45e1e311][tid:01][com.facebook.buck.cli.MainRunner] Successfully terminated CPU executor service.
[2020-10-13 20:54:52.995][info ][command:ff1c220f-657a-491a-8f0f-922c45e1e311][tid:01][com.facebook.buck.cli.MainRunner] Awaiting termination of ScheduledExecutorService executor service. Waiting for all jobs to complete, or up to maximum of 60 seconds...
[2020-10-13 20:54:52.995][info ][command:ff1c220f-657a-491a-8f0f-922c45e1e311][tid:01][com.facebook.buck.cli.MainRunner] Successfully terminated ScheduledExecutorService executor service.
[2020-10-13 20:54:52.996][info ][command:ff1c220f-657a-491a-8f0f-922c45e1e311][tid:01][com.facebook.buck.cli.MainRunner] Awaiting termination of CounterAggregatorExecutor executor service. Waiting for all jobs to complete, or up to maximum of 20 seconds...
[2020-10-13 20:54:52.996][info ][command:ff1c220f-657a-491a-8f0f-922c45e1e311][tid:01][com.facebook.buck.cli.MainRunner] Successfully terminated CounterAggregatorExecutor executor service.
[2020-10-13 20:54:52.996][info ][command:ff1c220f-657a-491a-8f0f-922c45e1e311][tid:01][com.facebook.buck.cli.MainRunner] Awaiting termination of HTTP Read executor service. Waiting for all jobs to complete, or up to maximum of 1800 seconds...
[2020-10-13 20:54:52.996][info ][command:ff1c220f-657a-491a-8f0f-922c45e1e311][tid:01][com.facebook.buck.cli.MainRunner] Successfully terminated HTTP Read executor service.
[2020-10-13 20:54:52.996][info ][command:ff1c220f-657a-491a-8f0f-922c45e1e311][tid:01][com.facebook.buck.cli.MainRunner] Awaiting termination of HTTP Write executor service. Waiting for all jobs to complete, or up to maximum of 1800 seconds...
[2020-10-13 20:54:52.996][info ][command:ff1c220f-657a-491a-8f0f-922c45e1e311][tid:01][com.facebook.buck.cli.MainRunner] Successfully terminated HTTP Write executor service.
[2020-10-13 20:54:52.996][info ][command:ff1c220f-657a-491a-8f0f-922c45e1e311][tid:01][com.facebook.buck.cli.MainRunner] Awaiting termination of Disk IO executor service. Waiting for all jobs to complete, or up to maximum of 10 seconds...
[2020-10-13 20:54:52.996][info ][command:ff1c220f-657a-491a-8f0f-922c45e1e311][tid:01][com.facebook.buck.cli.MainRunner] Successfully terminated Disk IO executor service.
[2020-10-13 20:54:52.998][info ][command:ff1c220f-657a-491a-8f0f-922c45e1e311][tid:01][com.facebook.buck.cli.MainRunner] Auto fixing is not enabled for command build
[2020-10-13 20:54:53.005][debug][command:null][tid:38][com.facebook.buck.event.listener.ChromeTraceBuildListener] Writing Chrome trace to buck-out/log/2020-10-13_12h54m52s_buildcommand_ff1c220f-657a-491a-8f0f-922c45e1e311/build.2020-10-13.20-54-52.ff1c220f-657a-491a-8f0f-922c45e1e311.trace
[2020-10-13 20:54:53.008][debug][command:null][tid:01][com.facebook.buck.cli.MainRunner] Done.
