[2020-10-13 20:55:00.318][debug][command:null][tid:01][com.facebook.buck.cli.MainRunner] Starting up (build date 2020-10-07 07:10:55 +0800, rev ae8e8fc013413f0144b73971eceeff3fd6f51d6c), args: [build, :mfast]
[2020-10-13 20:55:00.319][debug][command:null][tid:01][com.facebook.buck.cli.MainRunner] System properties: {java.vendor=Oracle Corporation, sun.java.launcher=SUN_STANDARD, sun.management.compiler=HotSpot 64-Bit Tiered Compilers, jnidispatch.path=/home/ailabdev/Projects001/buckaroo_mfast/buck-out/tmp/buck_run.BPszaT/jna--862934640/jna223943530825795718.tmp, os.name=Linux, sun.boot.class.path=/usr/lib/jvm/jdk1.8.0_251/jre/lib/resources.jar:/usr/lib/jvm/jdk1.8.0_251/jre/lib/rt.jar:/usr/lib/jvm/jdk1.8.0_251/jre/lib/sunrsasign.jar:/usr/lib/jvm/jdk1.8.0_251/jre/lib/jsse.jar:/usr/lib/jvm/jdk1.8.0_251/jre/lib/jce.jar:/usr/lib/jvm/jdk1.8.0_251/jre/lib/charsets.jar:/usr/lib/jvm/jdk1.8.0_251/jre/lib/jfr.jar:/usr/lib/jvm/jdk1.8.0_251/jre/classes, buck.module.resources=/home/ailabdev/Projects001/buck/ant-out/buck-modules-resources, pf4j.pluginsDir=/home/ailabdev/Projects001/buck/ant-out/buck-modules, sun.desktop=gnome, buck.path_to_isolated_trampoline=/home/ailabdev/Projects001/buck/src/com/facebook/buck/rules/modern/builders/trampoline.sh, java.vm.specification.vendor=Oracle Corporation, java.runtime.version=1.8.0_251-b08, buck.base_buck_out_dir=buck-out, jna.loaded=true, buck.testrunner_classes=/home/ailabdev/Projects001/buck/ant-out/testrunner/classes, buck.logging_config_file=/home/ailabdev/Projects001/buck/config/logging.properties.st, buck.path_to_sh_binary_template=/home/ailabdev/Projects001/buck/src/com/facebook/buck/shell/sh_binary_template, user.name=ailabdev, buck.path_to_pywatchman=/home/ailabdev/Projects001/buck/third-party/py/pywatchman, buck.report_generator_jar=/home/ailabdev/Projects001/buck/ant-out/report-generator.jar, buck.legacy_fix_script=/home/ailabdev/Projects001/buck/programs/fixes/source_only_abi/autofix_source_only_abi_warnings.py, buck.git_commit=ae8e8fc013413f0144b73971eceeff3fd6f51d6c, user.language=en, sun.boot.library.path=/usr/lib/jvm/jdk1.8.0_251/jre/lib/amd64, jna.nosys=true, java.version=1.8.0_251, user.timezone=Asia/Ulaanbaatar, buck.test_util_no_tests_dir=true, sun.arch.data.model=64, java.endorsed.dirs=/usr/lib/jvm/jdk1.8.0_251/jre/lib/endorsed, sun.cpu.isalist=, sun.jnu.encoding=UTF-8, file.encoding.pkg=sun.io, file.separator=/, java.specification.name=Java Platform API Specification, buck.jacoco_agent_jar=/home/ailabdev/Projects001/buck/third-party/java/jacoco/jacocoagent.jar, java.class.version=52.0, user.country=US, buck.binary_hash=d8cff6af055122d9064adf0de2ee14a2, java.home=/usr/lib/jvm/jdk1.8.0_251/jre, java.vm.info=mixed mode, os.version=5.4.0-48-generic, buck.version_uid=ae8e8fc013413f0144b73971eceeff3fd6f51d6c, org.eclipse.jetty.util.log.class=org.eclipse.jetty.util.log.JavaUtilLog, path.separator=:, java.vm.version=25.251-b08, java.awt.printerjob=sun.print.PSPrinterJob, sun.io.unicode.encoding=UnicodeLittle, awt.toolkit=sun.awt.X11.XToolkit, buck.mode=repository, buck.buck_build_type_info=/home/ailabdev/Projects001/buck/config/build_type/LOCAL_ANT/type.txt, buck.dx=/home/ailabdev/Projects001/buck/third-party/java/dx/etc/dx, buck.git_commit_timestamp=1602025855, user.home=/home/ailabdev, java.specification.vendor=Oracle Corporation, buck.git_dirty=0, java.library.path=/usr/java/packages/lib/amd64:/usr/lib64:/lib64:/lib:/usr/lib, java.vendor.url=http://java.oracle.com/, buck.is_buckd=false, java.vm.vendor=Oracle Corporation, java.runtime.name=Java(TM) SE Runtime Environment, sun.java.command=com.facebook.buck.cli.bootstrapper.ClassLoaderBootstrapper com.facebook.buck.cli.MainWithoutNailgun build --command-args-file /home/ailabdev/Projects001/buckaroo_mfast/buck-out/tmp/buck_run.BPszaT/tmpc9X4jq :mfast, java.class.path=/home/ailabdev/Projects001/buck/ant-out/bootstrapper/bootstrapper.jar:/home/ailabdev/Projects001/buck/ant-out/buckfilesystem/buckfilesystem.jar, buck.buckd_dir=/home/ailabdev/Projects001/buckaroo_mfast/.buckd, buck.path_to_pathlib_py=/home/ailabdev/Projects001/buck/third-party/py/pathlib/pathlib.py, java.vm.specification.name=Java Virtual Machine Specification, java.vm.specification.version=1.8, sun.cpu.endian=little, sun.os.patch.level=unknown, java.awt.headless=true, java.io.tmpdir=/home/ailabdev/Projects001/buckaroo_mfast/buck-out/tmp/buck_run.BPszaT, buck.android_agent_path=/home/ailabdev/Projects001/buck/assets/android/agent.apk, java.vendor.url.bug=http://bugreport.sun.com/bugreport/, buck.path_to_python_dsl=/home/ailabdev/Projects001/buck/python-dsl, os.arch=amd64, java.awt.graphicsenv=sun.awt.X11GraphicsEnvironment, java.ext.dirs=/usr/lib/jvm/jdk1.8.0_251/jre/lib/ext:/usr/java/packages/lib/ext, java.util.logging.config.class=com.facebook.buck.cli.bootstrapper.LogConfig, buck.path_to_six_py=/home/ailabdev/Projects001/buck/third-party/py/six/six.py, user.dir=/home/ailabdev/Projects001/buckaroo_mfast, java.nio.file.spi.DefaultFileSystemProvider=com.facebook.buck.core.filesystems.BuckFileSystemProvider, line.separator=
, java.vm.name=Java HotSpot(TM) 64-Bit Server VM, buck.path_to_typing=/home/ailabdev/Projects001/buck/third-party/py/typing/python2, buck.native_exopackage_fake_path=/home/ailabdev/Projects001/buck/assets/android/native-exopackage-fakes.apk, file.encoding=UTF-8, java.specification.version=1.8}
[2020-10-13 20:55:00.347][debug][command:null][tid:01][com.facebook.buck.util.config.Configs] Loading configuration for /home/ailabdev/Projects001/buckaroo_mfast
[2020-10-13 20:55:00.348][debug][command:null][tid:01][com.facebook.buck.util.config.Configs] Loaded project configuration file /home/ailabdev/Projects001/buckaroo_mfast/.buckconfig
[2020-10-13 20:55:00.348][debug][command:null][tid:01][com.facebook.buck.util.config.Configs] Adding configuration overrides RawConfig{values={}}
[2020-10-13 20:55:00.388][debug][command:null][tid:01][com.facebook.buck.cli.MainRunner] Not using Watchman, context present: false, glob handler: PYTHON
[2020-10-13 20:55:00.397][info ][command:null][tid:01][com.facebook.buck.core.plugin.impl.DefaultBuckPluginManager] Time to load instances of interface com.facebook.buck.core.rules.config.ConfigurationRuleDescriptionProvider: 9
[2020-10-13 20:55:00.413][info ][command:null][tid:01][com.facebook.buck.core.plugin.impl.DefaultBuckPluginManager] Time to load instances of interface com.facebook.buck.core.toolchain.ToolchainSupplier: 10
[2020-10-13 20:55:00.514][debug][command:null][tid:01][com.facebook.buck.support.state.BuckGlobalStateLifecycleManager] Starting up daemon state for project root [/home/ailabdev/Projects001/buckaroo_mfast]
[2020-10-13 20:55:00.570][debug][command:null][tid:01][com.facebook.buck.support.state.BuckGlobalStateFactory] Falling back to named cursors: {}
[2020-10-13 20:55:00.570][debug][command:null][tid:01][com.facebook.buck.support.state.BuckGlobalStateFactory] Using Watchman Cursor: {}
[2020-10-13 20:55:00.571][debug][command:null][tid:15][com.facebook.buck.io.AsynchronousDirectoryContentsCleaner] Starting to clean /home/ailabdev/Projects001/buckaroo_mfast/buck-out/.trash
[2020-10-13 20:55:00.574][debug][command:null][tid:15][com.facebook.buck.io.AsynchronousDirectoryContentsCleaner] Done cleaning /home/ailabdev/Projects001/buckaroo_mfast/buck-out/.trash
[2020-10-13 20:55:00.654][debug][command:9c85c79f-eff0-4b41-8548-eb1cd14b73b7][tid:01][com.facebook.buck.event.listener.RenderingConsole] Starting render scheduler (interval 100 ms)
[2020-10-13 20:55:00.662][debug][command:null][tid:19][com.facebook.buck.util.perf.ProcessTracker] startUp
[2020-10-13 20:55:00.750][debug][command:9c85c79f-eff0-4b41-8548-eb1cd14b73b7][tid:01][com.facebook.buck.util.randomizedtrial.RandomizedTrial] Determined key: 'ailabdev@magnai/depsaware_executor/9c85c79f-eff0-4b41-8548-eb1cd14b73b7'
[2020-10-13 20:55:00.758][debug][command:9c85c79f-eff0-4b41-8548-eb1cd14b73b7][tid:01][com.facebook.buck.cli.MainRunner] InvocationInfo BuildId=[9c85c79f-eff0-4b41-8548-eb1cd14b73b7] Args=[build, :mfast]
[2020-10-13 20:55:00.777][info ][command:9c85c79f-eff0-4b41-8548-eb1cd14b73b7][tid:01][com.facebook.buck.support.build.report.BuildReportUtils] Build report is not enabled
[2020-10-13 20:55:00.807][info ][command:9c85c79f-eff0-4b41-8548-eb1cd14b73b7][tid:01][com.facebook.buck.support.build.report.BuildReportUtils] Build report is not enabled
[2020-10-13 20:55:00.808][warn ][command:null][tid:24][com.facebook.buck.event.listener.PublicAnnouncementManager] Failed to get public announcements. Reason: Failed to establish connection to server.
[2020-10-13 20:55:00.835][info ][command:9c85c79f-eff0-4b41-8548-eb1cd14b73b7][tid:21][com.facebook.buck.event.listener.LoggingBuildListener] Build started at 2020-10-13 20:55:00.834
[2020-10-13 20:55:00.864][warn ][command:9c85c79f-eff0-4b41-8548-eb1cd14b73b7][tid:01][com.facebook.buck.util.Console] Build failure: No build file at BUCK when resolving target //:mfast.
[2020-10-13 20:55:00.865][warn ][command:9c85c79f-eff0-4b41-8548-eb1cd14b73b7][tid:01][com.facebook.buck.util.Console] Build failure: No build file at BUCK when resolving target //:mfast.
[2020-10-13 20:55:00.865][info ][command:9c85c79f-eff0-4b41-8548-eb1cd14b73b7][tid:21][com.facebook.buck.event.listener.LoggingBuildListener] Build finished at 2020-10-13 20:55:00.865
[2020-10-13 20:55:00.873][info ][command:9c85c79f-eff0-4b41-8548-eb1cd14b73b7][tid:21][com.facebook.buck.event.listener.AbstractConsoleEventBusListener] 
Top slow rules: Buck didn't spend time in rules.
[2020-10-13 20:55:00.874][info ][command:9c85c79f-eff0-4b41-8548-eb1cd14b73b7][tid:21][com.facebook.buck.event.listener.CriticalPathEventListener] Received command finished event for command : build
[2020-10-13 20:55:00.875][info ][command:null][tid:27][com.facebook.buck.core.graph.transformation.executor.impl.AbstractDepsAwareExecutor] Worker was interrupted
[2020-10-13 20:55:00.875][info ][command:null][tid:34][com.facebook.buck.core.graph.transformation.executor.impl.AbstractDepsAwareExecutor] Worker was interrupted
[2020-10-13 20:55:00.876][info ][command:null][tid:32][com.facebook.buck.core.graph.transformation.executor.impl.AbstractDepsAwareExecutor] Worker was interrupted
[2020-10-13 20:55:00.877][info ][command:null][tid:29][com.facebook.buck.core.graph.transformation.executor.impl.AbstractDepsAwareExecutor] Worker was interrupted
[2020-10-13 20:55:00.877][info ][command:null][tid:31][com.facebook.buck.core.graph.transformation.executor.impl.AbstractDepsAwareExecutor] Worker was interrupted
[2020-10-13 20:55:00.877][info ][command:null][tid:30][com.facebook.buck.core.graph.transformation.executor.impl.AbstractDepsAwareExecutor] Worker was interrupted
[2020-10-13 20:55:00.877][info ][command:null][tid:33][com.facebook.buck.core.graph.transformation.executor.impl.AbstractDepsAwareExecutor] Worker was interrupted
[2020-10-13 20:55:00.878][info ][command:null][tid:35][com.facebook.buck.core.graph.transformation.executor.impl.AbstractDepsAwareExecutor] Worker was interrupted
[2020-10-13 20:55:00.879][debug][command:9c85c79f-eff0-4b41-8548-eb1cd14b73b7][tid:19][com.facebook.buck.util.perf.ProcessTracker] shutDown
[2020-10-13 20:55:00.880][debug][command:9c85c79f-eff0-4b41-8548-eb1cd14b73b7][tid:01][com.facebook.buck.event.listener.RenderingConsole] Stopping render scheduler
[2020-10-13 20:55:00.880][debug][command:9c85c79f-eff0-4b41-8548-eb1cd14b73b7][tid:01][com.facebook.buck.event.listener.RenderingConsole] Stopping render scheduler
[2020-10-13 20:55:00.880][warn ][command:9c85c79f-eff0-4b41-8548-eb1cd14b73b7][tid:01][com.facebook.buck.event.listener.RenderingConsole] Stopping console output (stderr was dirty).
[2020-10-13 20:55:00.881][info ][command:9c85c79f-eff0-4b41-8548-eb1cd14b73b7][tid:01][com.facebook.buck.cli.MainRunner] Awaiting termination of PROJECT executor service. Waiting for all jobs to complete, or up to maximum of 60 seconds...
[2020-10-13 20:55:00.881][info ][command:9c85c79f-eff0-4b41-8548-eb1cd14b73b7][tid:01][com.facebook.buck.cli.MainRunner] Successfully terminated PROJECT executor service.
[2020-10-13 20:55:00.881][info ][command:9c85c79f-eff0-4b41-8548-eb1cd14b73b7][tid:01][com.facebook.buck.cli.MainRunner] Awaiting termination of NETWORK executor service. Waiting for all jobs to complete, or up to maximum of 60 seconds...
[2020-10-13 20:55:00.881][info ][command:9c85c79f-eff0-4b41-8548-eb1cd14b73b7][tid:01][com.facebook.buck.cli.MainRunner] Successfully terminated NETWORK executor service.
[2020-10-13 20:55:00.881][info ][command:9c85c79f-eff0-4b41-8548-eb1cd14b73b7][tid:01][com.facebook.buck.cli.MainRunner] Awaiting termination of GRAPH_CPU executor service. Waiting for all jobs to complete, or up to maximum of 60 seconds...
[2020-10-13 20:55:00.881][info ][command:9c85c79f-eff0-4b41-8548-eb1cd14b73b7][tid:01][com.facebook.buck.cli.MainRunner] Successfully terminated GRAPH_CPU executor service.
[2020-10-13 20:55:00.881][info ][command:9c85c79f-eff0-4b41-8548-eb1cd14b73b7][tid:01][com.facebook.buck.cli.MainRunner] Awaiting termination of CPU executor service. Waiting for all jobs to complete, or up to maximum of 60 seconds...
[2020-10-13 20:55:00.881][info ][command:9c85c79f-eff0-4b41-8548-eb1cd14b73b7][tid:01][com.facebook.buck.cli.MainRunner] Successfully terminated CPU executor service.
[2020-10-13 20:55:00.881][info ][command:9c85c79f-eff0-4b41-8548-eb1cd14b73b7][tid:01][com.facebook.buck.cli.MainRunner] Awaiting termination of ScheduledExecutorService executor service. Waiting for all jobs to complete, or up to maximum of 60 seconds...
[2020-10-13 20:55:00.881][info ][command:9c85c79f-eff0-4b41-8548-eb1cd14b73b7][tid:01][com.facebook.buck.cli.MainRunner] Successfully terminated ScheduledExecutorService executor service.
[2020-10-13 20:55:00.881][info ][command:9c85c79f-eff0-4b41-8548-eb1cd14b73b7][tid:01][com.facebook.buck.cli.MainRunner] Awaiting termination of CounterAggregatorExecutor executor service. Waiting for all jobs to complete, or up to maximum of 20 seconds...
[2020-10-13 20:55:00.881][info ][command:9c85c79f-eff0-4b41-8548-eb1cd14b73b7][tid:01][com.facebook.buck.cli.MainRunner] Successfully terminated CounterAggregatorExecutor executor service.
[2020-10-13 20:55:00.882][info ][command:9c85c79f-eff0-4b41-8548-eb1cd14b73b7][tid:01][com.facebook.buck.cli.MainRunner] Awaiting termination of HTTP Read executor service. Waiting for all jobs to complete, or up to maximum of 1800 seconds...
[2020-10-13 20:55:00.882][info ][command:9c85c79f-eff0-4b41-8548-eb1cd14b73b7][tid:01][com.facebook.buck.cli.MainRunner] Successfully terminated HTTP Read executor service.
[2020-10-13 20:55:00.882][info ][command:9c85c79f-eff0-4b41-8548-eb1cd14b73b7][tid:01][com.facebook.buck.cli.MainRunner] Awaiting termination of HTTP Write executor service. Waiting for all jobs to complete, or up to maximum of 1800 seconds...
[2020-10-13 20:55:00.882][info ][command:9c85c79f-eff0-4b41-8548-eb1cd14b73b7][tid:01][com.facebook.buck.cli.MainRunner] Successfully terminated HTTP Write executor service.
[2020-10-13 20:55:00.882][info ][command:9c85c79f-eff0-4b41-8548-eb1cd14b73b7][tid:01][com.facebook.buck.cli.MainRunner] Awaiting termination of Disk IO executor service. Waiting for all jobs to complete, or up to maximum of 10 seconds...
[2020-10-13 20:55:00.882][info ][command:9c85c79f-eff0-4b41-8548-eb1cd14b73b7][tid:01][com.facebook.buck.cli.MainRunner] Successfully terminated Disk IO executor service.
[2020-10-13 20:55:00.883][info ][command:9c85c79f-eff0-4b41-8548-eb1cd14b73b7][tid:01][com.facebook.buck.cli.MainRunner] Auto fixing is not enabled for command build
[2020-10-13 20:55:00.893][debug][command:null][tid:38][com.facebook.buck.event.listener.ChromeTraceBuildListener] Writing Chrome trace to buck-out/log/2020-10-13_12h55m00s_buildcommand_9c85c79f-eff0-4b41-8548-eb1cd14b73b7/build.2020-10-13.20-55-00.9c85c79f-eff0-4b41-8548-eb1cd14b73b7.trace
[2020-10-13 20:55:00.895][debug][command:null][tid:01][com.facebook.buck.cli.MainRunner] Done.
