[2020-10-13 15:10:07.314][debug][command:bc121c34-d2e8-4e93-b282-3697701ee997][tid:01][com.facebook.buck.event.listener.RenderingConsole] Starting render scheduler (interval 100 ms)
[2020-10-13 15:10:07.328][debug][command:null][tid:19][com.facebook.buck.util.perf.ProcessTracker] startUp
[2020-10-13 15:10:07.328][debug][command:null][tid:19][com.facebook.buck.util.perf.ProcessTracker] startUp
[2020-10-13 15:10:19.425][debug][command:bc121c34-d2e8-4e93-b282-3697701ee997][tid:01][com.facebook.buck.util.randomizedtrial.RandomizedTrial] Determined key: 'ailabdev@magnai/depsaware_executor/bc121c34-d2e8-4e93-b282-3697701ee997'
[2020-10-13 15:10:19.432][debug][command:bc121c34-d2e8-4e93-b282-3697701ee997][tid:01][com.facebook.buck.cli.MainRunner] InvocationInfo BuildId=[bc121c34-d2e8-4e93-b282-3697701ee997] Args=[query]
[2020-10-13 15:10:19.451][info ][command:bc121c34-d2e8-4e93-b282-3697701ee997][tid:01][com.facebook.buck.support.build.report.BuildReportUtils] Build report is not enabled
[2020-10-13 15:10:19.486][warn ][command:null][tid:24][com.facebook.buck.event.listener.PublicAnnouncementManager] Failed to get public announcements. Reason: Failed to establish connection to server.
[2020-10-13 15:10:19.486][warn ][command:null][tid:24][com.facebook.buck.event.listener.PublicAnnouncementManager] Failed to get public announcements. Reason: Failed to establish connection to server.
[2020-10-13 15:10:19.489][info ][command:bc121c34-d2e8-4e93-b282-3697701ee997][tid:01][com.facebook.buck.support.build.report.BuildReportUtils] Build report is not enabled
[2020-10-13 15:10:27.544][info ][command:bc121c34-d2e8-4e93-b282-3697701ee997][tid:21][com.facebook.buck.event.listener.CriticalPathEventListener] Received command finished event for command : query
[2020-10-13 15:10:27.545][info ][command:null][tid:26][com.facebook.buck.core.graph.transformation.executor.impl.AbstractDepsAwareExecutor] Worker was interrupted
[2020-10-13 15:10:27.546][info ][command:null][tid:27][com.facebook.buck.core.graph.transformation.executor.impl.AbstractDepsAwareExecutor] Worker was interrupted
[2020-10-13 15:10:27.545][info ][command:null][tid:26][com.facebook.buck.core.graph.transformation.executor.impl.AbstractDepsAwareExecutor] Worker was interrupted
[2020-10-13 15:10:27.546][info ][command:null][tid:27][com.facebook.buck.core.graph.transformation.executor.impl.AbstractDepsAwareExecutor] Worker was interrupted
[2020-10-13 15:10:27.546][info ][command:null][tid:28][com.facebook.buck.core.graph.transformation.executor.impl.AbstractDepsAwareExecutor] Worker was interrupted
[2020-10-13 15:10:27.546][info ][command:null][tid:28][com.facebook.buck.core.graph.transformation.executor.impl.AbstractDepsAwareExecutor] Worker was interrupted
[2020-10-13 15:10:27.546][info ][command:null][tid:33][com.facebook.buck.core.graph.transformation.executor.impl.AbstractDepsAwareExecutor] Worker was interrupted
[2020-10-13 15:10:27.546][info ][command:null][tid:33][com.facebook.buck.core.graph.transformation.executor.impl.AbstractDepsAwareExecutor] Worker was interrupted
[2020-10-13 15:10:27.546][info ][command:null][tid:32][com.facebook.buck.core.graph.transformation.executor.impl.AbstractDepsAwareExecutor] Worker was interrupted
[2020-10-13 15:10:27.546][info ][command:null][tid:32][com.facebook.buck.core.graph.transformation.executor.impl.AbstractDepsAwareExecutor] Worker was interrupted
[2020-10-13 15:10:27.546][info ][command:null][tid:30][com.facebook.buck.core.graph.transformation.executor.impl.AbstractDepsAwareExecutor] Worker was interrupted
[2020-10-13 15:10:27.546][info ][command:null][tid:30][com.facebook.buck.core.graph.transformation.executor.impl.AbstractDepsAwareExecutor] Worker was interrupted
[2020-10-13 15:10:27.546][info ][command:null][tid:29][com.facebook.buck.core.graph.transformation.executor.impl.AbstractDepsAwareExecutor] Worker was interrupted
[2020-10-13 15:10:27.546][info ][command:null][tid:29][com.facebook.buck.core.graph.transformation.executor.impl.AbstractDepsAwareExecutor] Worker was interrupted
[2020-10-13 15:10:27.546][info ][command:null][tid:31][com.facebook.buck.core.graph.transformation.executor.impl.AbstractDepsAwareExecutor] Worker was interrupted
[2020-10-13 15:10:27.546][info ][command:null][tid:31][com.facebook.buck.core.graph.transformation.executor.impl.AbstractDepsAwareExecutor] Worker was interrupted
[2020-10-13 15:10:27.550][debug][command:bc121c34-d2e8-4e93-b282-3697701ee997][tid:19][com.facebook.buck.util.perf.ProcessTracker] shutDown
[2020-10-13 15:10:27.550][debug][command:bc121c34-d2e8-4e93-b282-3697701ee997][tid:01][com.facebook.buck.event.listener.RenderingConsole] Stopping render scheduler
[2020-10-13 15:10:27.550][info ][command:bc121c34-d2e8-4e93-b282-3697701ee997][tid:01][com.facebook.buck.cli.MainRunner] Awaiting termination of PROJECT executor service. Waiting for all jobs to complete, or up to maximum of 60 seconds...
[2020-10-13 15:10:27.550][info ][command:bc121c34-d2e8-4e93-b282-3697701ee997][tid:01][com.facebook.buck.cli.MainRunner] Successfully terminated PROJECT executor service.
[2020-10-13 15:10:27.551][info ][command:bc121c34-d2e8-4e93-b282-3697701ee997][tid:01][com.facebook.buck.cli.MainRunner] Awaiting termination of NETWORK executor service. Waiting for all jobs to complete, or up to maximum of 60 seconds...
[2020-10-13 15:10:27.551][info ][command:bc121c34-d2e8-4e93-b282-3697701ee997][tid:01][com.facebook.buck.cli.MainRunner] Successfully terminated NETWORK executor service.
[2020-10-13 15:10:27.551][info ][command:bc121c34-d2e8-4e93-b282-3697701ee997][tid:01][com.facebook.buck.cli.MainRunner] Awaiting termination of GRAPH_CPU executor service. Waiting for all jobs to complete, or up to maximum of 60 seconds...
[2020-10-13 15:10:27.551][info ][command:bc121c34-d2e8-4e93-b282-3697701ee997][tid:01][com.facebook.buck.cli.MainRunner] Successfully terminated GRAPH_CPU executor service.
[2020-10-13 15:10:27.551][info ][command:bc121c34-d2e8-4e93-b282-3697701ee997][tid:01][com.facebook.buck.cli.MainRunner] Awaiting termination of CPU executor service. Waiting for all jobs to complete, or up to maximum of 60 seconds...
[2020-10-13 15:10:27.551][info ][command:bc121c34-d2e8-4e93-b282-3697701ee997][tid:01][com.facebook.buck.cli.MainRunner] Successfully terminated CPU executor service.
[2020-10-13 15:10:27.551][info ][command:bc121c34-d2e8-4e93-b282-3697701ee997][tid:01][com.facebook.buck.cli.MainRunner] Awaiting termination of ScheduledExecutorService executor service. Waiting for all jobs to complete, or up to maximum of 60 seconds...
[2020-10-13 15:10:27.551][info ][command:bc121c34-d2e8-4e93-b282-3697701ee997][tid:01][com.facebook.buck.cli.MainRunner] Successfully terminated ScheduledExecutorService executor service.
[2020-10-13 15:10:27.551][info ][command:bc121c34-d2e8-4e93-b282-3697701ee997][tid:01][com.facebook.buck.cli.MainRunner] Awaiting termination of CounterAggregatorExecutor executor service. Waiting for all jobs to complete, or up to maximum of 20 seconds...
[2020-10-13 15:10:27.551][info ][command:bc121c34-d2e8-4e93-b282-3697701ee997][tid:01][com.facebook.buck.cli.MainRunner] Successfully terminated CounterAggregatorExecutor executor service.
[2020-10-13 15:10:27.551][info ][command:bc121c34-d2e8-4e93-b282-3697701ee997][tid:01][com.facebook.buck.cli.MainRunner] Awaiting termination of HTTP Read executor service. Waiting for all jobs to complete, or up to maximum of 1800 seconds...
[2020-10-13 15:10:27.551][info ][command:bc121c34-d2e8-4e93-b282-3697701ee997][tid:01][com.facebook.buck.cli.MainRunner] Successfully terminated HTTP Read executor service.
[2020-10-13 15:10:27.551][info ][command:bc121c34-d2e8-4e93-b282-3697701ee997][tid:01][com.facebook.buck.cli.MainRunner] Awaiting termination of HTTP Write executor service. Waiting for all jobs to complete, or up to maximum of 1800 seconds...
[2020-10-13 15:10:27.552][info ][command:bc121c34-d2e8-4e93-b282-3697701ee997][tid:01][com.facebook.buck.cli.MainRunner] Successfully terminated HTTP Write executor service.
[2020-10-13 15:10:27.552][info ][command:bc121c34-d2e8-4e93-b282-3697701ee997][tid:01][com.facebook.buck.cli.MainRunner] Awaiting termination of Disk IO executor service. Waiting for all jobs to complete, or up to maximum of 10 seconds...
[2020-10-13 15:10:27.552][info ][command:bc121c34-d2e8-4e93-b282-3697701ee997][tid:01][com.facebook.buck.cli.MainRunner] Successfully terminated Disk IO executor service.
[2020-10-13 15:10:27.553][info ][command:bc121c34-d2e8-4e93-b282-3697701ee997][tid:01][com.facebook.buck.cli.MainRunner] Auto fixing is not enabled for command query
[2020-10-13 15:10:27.559][debug][command:null][tid:36][com.facebook.buck.event.listener.ChromeTraceBuildListener] Writing Chrome trace to buck-out/log/2020-10-13_07h10m07s_querycommand_bc121c34-d2e8-4e93-b282-3697701ee997/build.2020-10-13.15-10-19.bc121c34-d2e8-4e93-b282-3697701ee997.trace
[2020-10-13 15:10:27.568][warn ][command:null][tid:01][com.facebook.buck.cli.MainRunner] Command failed:
com.facebook.buck.util.CommandLineException: BAD ARGUMENTS: must specify at least the query expression
	at com.facebook.buck.cli.QueryCommand.runWithoutHelp(QueryCommand.java:38)
	at com.facebook.buck.cli.AbstractCommand.run(AbstractCommand.java:281)
	at com.facebook.buck.cli.AbstractContainerCommand.run(AbstractContainerCommand.java:90)
	at com.facebook.buck.cli.MainRunner.runMainWithExitCode(MainRunner.java:1448)
	at com.facebook.buck.cli.MainRunner.runMainThenExit(MainRunner.java:476)
	at com.facebook.buck.cli.MainWithoutNailgun.main(MainWithoutNailgun.java:57)
	at sun.reflect.NativeMethodAccessorImpl.invoke0(Native Method)
	at sun.reflect.NativeMethodAccessorImpl.invoke(NativeMethodAccessorImpl.java:62)
	at sun.reflect.DelegatingMethodAccessorImpl.invoke(DelegatingMethodAccessorImpl.java:43)
	at java.lang.reflect.Method.invoke(Method.java:498)
	at com.facebook.buck.cli.bootstrapper.ClassLoaderBootstrapper.main(ClassLoaderBootstrapper.java:55)

[2020-10-13 15:10:27.570][warn ][command:null][tid:01][com.facebook.buck.util.Console] Command failure: BAD ARGUMENTS: must specify at least the query expression
[2020-10-13 15:10:27.570][warn ][command:null][tid:01][com.facebook.buck.util.Console] Command failure: BAD ARGUMENTS: must specify at least the query expression
[2020-10-13 15:10:27.572][debug][command:null][tid:01][com.facebook.buck.cli.MainRunner] Done.
