[2020-10-13 15:11:08.756][debug][command:28d332bd-a50f-433c-b33e-a9a1ee2320bd][tid:01][com.facebook.buck.event.listener.RenderingConsole] Starting render scheduler (interval 100 ms)
[2020-10-13 15:11:08.770][debug][command:null][tid:19][com.facebook.buck.util.perf.ProcessTracker] startUp
[2020-10-13 15:11:08.770][debug][command:null][tid:19][com.facebook.buck.util.perf.ProcessTracker] startUp
[2020-10-13 15:11:20.864][debug][command:28d332bd-a50f-433c-b33e-a9a1ee2320bd][tid:01][com.facebook.buck.util.randomizedtrial.RandomizedTrial] Determined key: 'ailabdev@magnai/depsaware_executor/28d332bd-a50f-433c-b33e-a9a1ee2320bd'
[2020-10-13 15:11:20.871][debug][command:28d332bd-a50f-433c-b33e-a9a1ee2320bd][tid:01][com.facebook.buck.cli.MainRunner] InvocationInfo BuildId=[28d332bd-a50f-433c-b33e-a9a1ee2320bd] Args=[build, :mfast/mfast]
[2020-10-13 15:11:20.889][info ][command:28d332bd-a50f-433c-b33e-a9a1ee2320bd][tid:01][com.facebook.buck.support.build.report.BuildReportUtils] Build report is not enabled
[2020-10-13 15:11:20.919][warn ][command:null][tid:24][com.facebook.buck.event.listener.PublicAnnouncementManager] Failed to get public announcements. Reason: Failed to establish connection to server.
[2020-10-13 15:11:20.919][warn ][command:null][tid:24][com.facebook.buck.event.listener.PublicAnnouncementManager] Failed to get public announcements. Reason: Failed to establish connection to server.
[2020-10-13 15:11:20.920][info ][command:28d332bd-a50f-433c-b33e-a9a1ee2320bd][tid:01][com.facebook.buck.support.build.report.BuildReportUtils] Build report is not enabled
[2020-10-13 15:11:28.964][info ][command:28d332bd-a50f-433c-b33e-a9a1ee2320bd][tid:21][com.facebook.buck.event.listener.LoggingBuildListener] Build started at 2020-10-13 15:11:28.964
[2020-10-13 15:11:28.992][warn ][command:28d332bd-a50f-433c-b33e-a9a1ee2320bd][tid:01][com.facebook.buck.util.Console] Build failure: No build file at BUCK when resolving target //:mfast/mfast.
[2020-10-13 15:11:28.992][warn ][command:28d332bd-a50f-433c-b33e-a9a1ee2320bd][tid:01][com.facebook.buck.util.Console] Build failure: No build file at BUCK when resolving target //:mfast/mfast.
[2020-10-13 15:11:28.993][info ][command:28d332bd-a50f-433c-b33e-a9a1ee2320bd][tid:21][com.facebook.buck.event.listener.LoggingBuildListener] Build finished at 2020-10-13 15:11:28.992
[2020-10-13 15:11:29.000][info ][command:28d332bd-a50f-433c-b33e-a9a1ee2320bd][tid:21][com.facebook.buck.event.listener.AbstractConsoleEventBusListener] 
Top slow rules: Buck didn't spend time in rules.
[2020-10-13 15:11:29.001][info ][command:28d332bd-a50f-433c-b33e-a9a1ee2320bd][tid:21][com.facebook.buck.event.listener.CriticalPathEventListener] Received command finished event for command : build
[2020-10-13 15:11:29.002][info ][command:null][tid:27][com.facebook.buck.core.graph.transformation.executor.impl.AbstractDepsAwareExecutor] Worker was interrupted
[2020-10-13 15:11:29.002][info ][command:null][tid:32][com.facebook.buck.core.graph.transformation.executor.impl.AbstractDepsAwareExecutor] Worker was interrupted
[2020-10-13 15:11:29.002][info ][command:null][tid:27][com.facebook.buck.core.graph.transformation.executor.impl.AbstractDepsAwareExecutor] Worker was interrupted
[2020-10-13 15:11:29.002][info ][command:null][tid:32][com.facebook.buck.core.graph.transformation.executor.impl.AbstractDepsAwareExecutor] Worker was interrupted
[2020-10-13 15:11:29.002][info ][command:null][tid:31][com.facebook.buck.core.graph.transformation.executor.impl.AbstractDepsAwareExecutor] Worker was interrupted
[2020-10-13 15:11:29.002][info ][command:null][tid:31][com.facebook.buck.core.graph.transformation.executor.impl.AbstractDepsAwareExecutor] Worker was interrupted
[2020-10-13 15:11:29.002][info ][command:null][tid:34][com.facebook.buck.core.graph.transformation.executor.impl.AbstractDepsAwareExecutor] Worker was interrupted
[2020-10-13 15:11:29.002][info ][command:null][tid:34][com.facebook.buck.core.graph.transformation.executor.impl.AbstractDepsAwareExecutor] Worker was interrupted
[2020-10-13 15:11:29.002][info ][command:null][tid:28][com.facebook.buck.core.graph.transformation.executor.impl.AbstractDepsAwareExecutor] Worker was interrupted
[2020-10-13 15:11:29.002][info ][command:null][tid:28][com.facebook.buck.core.graph.transformation.executor.impl.AbstractDepsAwareExecutor] Worker was interrupted
[2020-10-13 15:11:29.002][info ][command:null][tid:29][com.facebook.buck.core.graph.transformation.executor.impl.AbstractDepsAwareExecutor] Worker was interrupted
[2020-10-13 15:11:29.002][info ][command:null][tid:29][com.facebook.buck.core.graph.transformation.executor.impl.AbstractDepsAwareExecutor] Worker was interrupted
[2020-10-13 15:11:29.002][info ][command:null][tid:33][com.facebook.buck.core.graph.transformation.executor.impl.AbstractDepsAwareExecutor] Worker was interrupted
[2020-10-13 15:11:29.002][info ][command:null][tid:33][com.facebook.buck.core.graph.transformation.executor.impl.AbstractDepsAwareExecutor] Worker was interrupted
[2020-10-13 15:11:29.002][info ][command:null][tid:30][com.facebook.buck.core.graph.transformation.executor.impl.AbstractDepsAwareExecutor] Worker was interrupted
[2020-10-13 15:11:29.002][info ][command:null][tid:30][com.facebook.buck.core.graph.transformation.executor.impl.AbstractDepsAwareExecutor] Worker was interrupted
[2020-10-13 15:11:29.011][debug][command:28d332bd-a50f-433c-b33e-a9a1ee2320bd][tid:19][com.facebook.buck.util.perf.ProcessTracker] shutDown
[2020-10-13 15:11:29.012][debug][command:28d332bd-a50f-433c-b33e-a9a1ee2320bd][tid:01][com.facebook.buck.event.listener.RenderingConsole] Stopping render scheduler
[2020-10-13 15:11:29.013][debug][command:28d332bd-a50f-433c-b33e-a9a1ee2320bd][tid:01][com.facebook.buck.event.listener.RenderingConsole] Stopping render scheduler
[2020-10-13 15:11:29.013][warn ][command:28d332bd-a50f-433c-b33e-a9a1ee2320bd][tid:01][com.facebook.buck.event.listener.RenderingConsole] Stopping console output (stderr was dirty).
[2020-10-13 15:11:29.013][info ][command:28d332bd-a50f-433c-b33e-a9a1ee2320bd][tid:01][com.facebook.buck.cli.MainRunner] Awaiting termination of PROJECT executor service. Waiting for all jobs to complete, or up to maximum of 60 seconds...
[2020-10-13 15:11:29.013][info ][command:28d332bd-a50f-433c-b33e-a9a1ee2320bd][tid:01][com.facebook.buck.cli.MainRunner] Successfully terminated PROJECT executor service.
[2020-10-13 15:11:29.013][info ][command:28d332bd-a50f-433c-b33e-a9a1ee2320bd][tid:01][com.facebook.buck.cli.MainRunner] Awaiting termination of NETWORK executor service. Waiting for all jobs to complete, or up to maximum of 60 seconds...
[2020-10-13 15:11:29.013][info ][command:28d332bd-a50f-433c-b33e-a9a1ee2320bd][tid:01][com.facebook.buck.cli.MainRunner] Successfully terminated NETWORK executor service.
[2020-10-13 15:11:29.013][info ][command:28d332bd-a50f-433c-b33e-a9a1ee2320bd][tid:01][com.facebook.buck.cli.MainRunner] Awaiting termination of GRAPH_CPU executor service. Waiting for all jobs to complete, or up to maximum of 60 seconds...
[2020-10-13 15:11:29.013][info ][command:28d332bd-a50f-433c-b33e-a9a1ee2320bd][tid:01][com.facebook.buck.cli.MainRunner] Successfully terminated GRAPH_CPU executor service.
[2020-10-13 15:11:29.013][info ][command:28d332bd-a50f-433c-b33e-a9a1ee2320bd][tid:01][com.facebook.buck.cli.MainRunner] Awaiting termination of CPU executor service. Waiting for all jobs to complete, or up to maximum of 60 seconds...
[2020-10-13 15:11:29.013][info ][command:28d332bd-a50f-433c-b33e-a9a1ee2320bd][tid:01][com.facebook.buck.cli.MainRunner] Successfully terminated CPU executor service.
[2020-10-13 15:11:29.013][info ][command:28d332bd-a50f-433c-b33e-a9a1ee2320bd][tid:01][com.facebook.buck.cli.MainRunner] Awaiting termination of ScheduledExecutorService executor service. Waiting for all jobs to complete, or up to maximum of 60 seconds...
[2020-10-13 15:11:29.013][info ][command:28d332bd-a50f-433c-b33e-a9a1ee2320bd][tid:01][com.facebook.buck.cli.MainRunner] Successfully terminated ScheduledExecutorService executor service.
[2020-10-13 15:11:29.014][info ][command:28d332bd-a50f-433c-b33e-a9a1ee2320bd][tid:01][com.facebook.buck.cli.MainRunner] Awaiting termination of CounterAggregatorExecutor executor service. Waiting for all jobs to complete, or up to maximum of 20 seconds...
[2020-10-13 15:11:29.014][info ][command:28d332bd-a50f-433c-b33e-a9a1ee2320bd][tid:01][com.facebook.buck.cli.MainRunner] Successfully terminated CounterAggregatorExecutor executor service.
[2020-10-13 15:11:29.014][info ][command:28d332bd-a50f-433c-b33e-a9a1ee2320bd][tid:01][com.facebook.buck.cli.MainRunner] Awaiting termination of HTTP Read executor service. Waiting for all jobs to complete, or up to maximum of 1800 seconds...
[2020-10-13 15:11:29.014][info ][command:28d332bd-a50f-433c-b33e-a9a1ee2320bd][tid:01][com.facebook.buck.cli.MainRunner] Successfully terminated HTTP Read executor service.
[2020-10-13 15:11:29.014][info ][command:28d332bd-a50f-433c-b33e-a9a1ee2320bd][tid:01][com.facebook.buck.cli.MainRunner] Awaiting termination of HTTP Write executor service. Waiting for all jobs to complete, or up to maximum of 1800 seconds...
[2020-10-13 15:11:29.014][info ][command:28d332bd-a50f-433c-b33e-a9a1ee2320bd][tid:01][com.facebook.buck.cli.MainRunner] Successfully terminated HTTP Write executor service.
[2020-10-13 15:11:29.014][info ][command:28d332bd-a50f-433c-b33e-a9a1ee2320bd][tid:01][com.facebook.buck.cli.MainRunner] Awaiting termination of Disk IO executor service. Waiting for all jobs to complete, or up to maximum of 10 seconds...
[2020-10-13 15:11:29.014][info ][command:28d332bd-a50f-433c-b33e-a9a1ee2320bd][tid:01][com.facebook.buck.cli.MainRunner] Successfully terminated Disk IO executor service.
[2020-10-13 15:11:29.016][info ][command:28d332bd-a50f-433c-b33e-a9a1ee2320bd][tid:01][com.facebook.buck.cli.MainRunner] Auto fixing is not enabled for command build
[2020-10-13 15:11:29.024][debug][command:null][tid:38][com.facebook.buck.event.listener.ChromeTraceBuildListener] Writing Chrome trace to buck-out/log/2020-10-13_07h11m08s_buildcommand_28d332bd-a50f-433c-b33e-a9a1ee2320bd/build.2020-10-13.15-11-20.28d332bd-a50f-433c-b33e-a9a1ee2320bd.trace
[2020-10-13 15:11:29.029][debug][command:null][tid:01][com.facebook.buck.cli.MainRunner] Done.
