[2020-10-13 20:56:40.271][info ][command:null][tid:01][org.pf4j.DefaultPluginStatusProvider] Enabled plugins: []
[2020-10-13 20:56:40.342][info ][command:null][tid:01][org.pf4j.DefaultPluginStatusProvider] Disabled plugins: []
[2020-10-13 20:56:40.347][info ][command:null][tid:01][org.pf4j.DefaultPluginManager] PF4J version 2.0.0-SNAPSHOT in 'deployment' mode
[2020-10-13 20:56:40.367][info ][command:null][tid:01][org.pf4j.AbstractPluginManager] Plugin 'com.facebook.buck.features.go@0.0.1' resolved
[2020-10-13 20:56:40.367][info ][command:null][tid:01][org.pf4j.AbstractPluginManager] Plugin 'com.facebook.buck.features.python@0.0.1' resolved
[2020-10-13 20:56:40.368][info ][command:null][tid:01][org.pf4j.AbstractPluginManager] Plugin 'com.facebook.buck.features.lua@0.0.1' resolved
[2020-10-13 20:56:40.368][info ][command:null][tid:01][org.pf4j.AbstractPluginManager] Plugin 'com.facebook.buck.features.rust@0.0.1' resolved
[2020-10-13 20:56:40.368][info ][command:null][tid:01][org.pf4j.AbstractPluginManager] Plugin 'com.facebook.buck.features.dotnet@0.0.1' resolved
[2020-10-13 20:56:40.368][info ][command:null][tid:01][org.pf4j.AbstractPluginManager] Plugin 'com.facebook.buck.features.haskell@0.0.1' resolved
[2020-10-13 20:56:40.368][info ][command:null][tid:01][org.pf4j.AbstractPluginManager] Plugin 'com.facebook.buck.features.ocaml@0.0.1' resolved
[2020-10-13 20:56:40.368][info ][command:null][tid:01][org.pf4j.AbstractPluginManager] Plugin 'com.facebook.buck.features.d@0.0.1' resolved
[2020-10-13 20:56:40.368][info ][command:null][tid:01][org.pf4j.AbstractPluginManager] Plugin 'com.facebook.buck.features.halide@0.0.1' resolved
[2020-10-13 20:56:40.368][info ][command:null][tid:01][org.pf4j.AbstractPluginManager] Plugin 'com.facebook.buck.features.js@0.0.1' resolved
[2020-10-13 20:56:40.368][info ][command:null][tid:01][org.pf4j.AbstractPluginManager] Plugin 'com.facebook.buck.features.apple.project@0.0.1' resolved
[2020-10-13 20:56:40.368][info ][command:null][tid:01][org.pf4j.AbstractPluginManager] Plugin 'com.facebook.buck.features.gwt@0.0.1' resolved
[2020-10-13 20:56:40.368][info ][command:null][tid:01][org.pf4j.AbstractPluginManager] Plugin 'com.facebook.buck.features.filebundler@0.0.1' resolved
[2020-10-13 20:56:40.369][info ][command:null][tid:01][org.pf4j.AbstractPluginManager] Plugin 'com.facebook.buck.features.filegroup@0.0.1' resolved
[2020-10-13 20:56:40.369][info ][command:null][tid:01][org.pf4j.AbstractPluginManager] Plugin 'com.facebook.buck.features.zip.rules@0.0.1' resolved
[2020-10-13 20:56:40.369][info ][command:null][tid:01][org.pf4j.AbstractPluginManager] Plugin 'com.facebook.buck.features.project.intellij@0.0.1' resolved
[2020-10-13 20:56:40.369][info ][command:null][tid:01][org.pf4j.AbstractPluginManager] Start plugin 'com.facebook.buck.features.go@0.0.1'
[2020-10-13 20:56:40.370][info ][command:null][tid:01][org.pf4j.AbstractPluginManager] Start plugin 'com.facebook.buck.features.python@0.0.1'
[2020-10-13 20:56:40.370][info ][command:null][tid:01][org.pf4j.AbstractPluginManager] Start plugin 'com.facebook.buck.features.lua@0.0.1'
[2020-10-13 20:56:40.371][info ][command:null][tid:01][org.pf4j.AbstractPluginManager] Start plugin 'com.facebook.buck.features.rust@0.0.1'
[2020-10-13 20:56:40.371][info ][command:null][tid:01][org.pf4j.AbstractPluginManager] Start plugin 'com.facebook.buck.features.dotnet@0.0.1'
[2020-10-13 20:56:40.371][info ][command:null][tid:01][org.pf4j.AbstractPluginManager] Start plugin 'com.facebook.buck.features.haskell@0.0.1'
[2020-10-13 20:56:40.372][info ][command:null][tid:01][org.pf4j.AbstractPluginManager] Start plugin 'com.facebook.buck.features.ocaml@0.0.1'
[2020-10-13 20:56:40.372][info ][command:null][tid:01][org.pf4j.AbstractPluginManager] Start plugin 'com.facebook.buck.features.d@0.0.1'
[2020-10-13 20:56:40.372][info ][command:null][tid:01][org.pf4j.AbstractPluginManager] Start plugin 'com.facebook.buck.features.halide@0.0.1'
[2020-10-13 20:56:40.373][info ][command:null][tid:01][org.pf4j.AbstractPluginManager] Start plugin 'com.facebook.buck.features.js@0.0.1'
[2020-10-13 20:56:40.373][info ][command:null][tid:01][org.pf4j.AbstractPluginManager] Start plugin 'com.facebook.buck.features.apple.project@0.0.1'
[2020-10-13 20:56:40.374][info ][command:null][tid:01][org.pf4j.AbstractPluginManager] Start plugin 'com.facebook.buck.features.gwt@0.0.1'
[2020-10-13 20:56:40.374][info ][command:null][tid:01][org.pf4j.AbstractPluginManager] Start plugin 'com.facebook.buck.features.filebundler@0.0.1'
[2020-10-13 20:56:40.375][info ][command:null][tid:01][org.pf4j.AbstractPluginManager] Start plugin 'com.facebook.buck.features.filegroup@0.0.1'
[2020-10-13 20:56:40.375][info ][command:null][tid:01][org.pf4j.AbstractPluginManager] Start plugin 'com.facebook.buck.features.zip.rules@0.0.1'
[2020-10-13 20:56:40.375][info ][command:null][tid:01][org.pf4j.AbstractPluginManager] Start plugin 'com.facebook.buck.features.project.intellij@0.0.1'
[2020-10-13 20:56:40.458][debug][command:null][tid:01][com.facebook.buck.util.config.Configs] Loading configuration for /home/ailabdev/Projects001/buckaroo_mfast
[2020-10-13 20:56:40.464][debug][command:null][tid:01][com.facebook.buck.util.config.Configs] Loaded project configuration file /home/ailabdev/Projects001/buckaroo_mfast/.buckconfig
[2020-10-13 20:56:40.468][debug][command:null][tid:01][com.facebook.buck.util.config.Configs] Adding configuration overrides RawConfig{values={}}
[2020-10-13 20:56:40.516][debug][command:null][tid:01][com.facebook.buck.cli.MainRunner] Rotating log.
[2020-10-13 20:56:40.519][debug][command:null][tid:01][com.facebook.buck.cli.MainRunner] Starting up (build date 2020-10-07 07:10:55 +0800, rev ae8e8fc013413f0144b73971eceeff3fd6f51d6c), args: [build, :mfast]
[2020-10-13 20:56:40.520][debug][command:null][tid:01][com.facebook.buck.cli.MainRunner] System properties: {java.vendor=Oracle Corporation, sun.java.launcher=SUN_STANDARD, sun.management.compiler=HotSpot 64-Bit Tiered Compilers, jnidispatch.path=/home/ailabdev/Projects001/buckaroo_mfast/buck-out/tmp/buck_run.f5mEcb/jna--862934640/jna224357711063292627.tmp, os.name=Linux, sun.boot.class.path=/usr/lib/jvm/jdk1.8.0_251/jre/lib/resources.jar:/usr/lib/jvm/jdk1.8.0_251/jre/lib/rt.jar:/usr/lib/jvm/jdk1.8.0_251/jre/lib/sunrsasign.jar:/usr/lib/jvm/jdk1.8.0_251/jre/lib/jsse.jar:/usr/lib/jvm/jdk1.8.0_251/jre/lib/jce.jar:/usr/lib/jvm/jdk1.8.0_251/jre/lib/charsets.jar:/usr/lib/jvm/jdk1.8.0_251/jre/lib/jfr.jar:/usr/lib/jvm/jdk1.8.0_251/jre/classes, buck.module.resources=/home/ailabdev/Projects001/buck/ant-out/buck-modules-resources, pf4j.pluginsDir=/home/ailabdev/Projects001/buck/ant-out/buck-modules, sun.desktop=gnome, buck.path_to_isolated_trampoline=/home/ailabdev/Projects001/buck/src/com/facebook/buck/rules/modern/builders/trampoline.sh, java.vm.specification.vendor=Oracle Corporation, java.runtime.version=1.8.0_251-b08, buck.base_buck_out_dir=buck-out, jna.loaded=true, buck.testrunner_classes=/home/ailabdev/Projects001/buck/ant-out/testrunner/classes, buck.logging_config_file=/home/ailabdev/Projects001/buck/config/logging.properties.st, buck.path_to_sh_binary_template=/home/ailabdev/Projects001/buck/src/com/facebook/buck/shell/sh_binary_template, user.name=ailabdev, buck.path_to_pywatchman=/home/ailabdev/Projects001/buck/third-party/py/pywatchman, buck.report_generator_jar=/home/ailabdev/Projects001/buck/ant-out/report-generator.jar, buck.legacy_fix_script=/home/ailabdev/Projects001/buck/programs/fixes/source_only_abi/autofix_source_only_abi_warnings.py, buck.git_commit=ae8e8fc013413f0144b73971eceeff3fd6f51d6c, user.language=en, sun.boot.library.path=/usr/lib/jvm/jdk1.8.0_251/jre/lib/amd64, jna.nosys=true, java.version=1.8.0_251, user.timezone=Asia/Ulaanbaatar, buck.test_util_no_tests_dir=true, sun.arch.data.model=64, java.endorsed.dirs=/usr/lib/jvm/jdk1.8.0_251/jre/lib/endorsed, sun.cpu.isalist=, sun.jnu.encoding=UTF-8, file.encoding.pkg=sun.io, file.separator=/, java.specification.name=Java Platform API Specification, buck.jacoco_agent_jar=/home/ailabdev/Projects001/buck/third-party/java/jacoco/jacocoagent.jar, java.class.version=52.0, user.country=US, buck.binary_hash=d8cff6af055122d9064adf0de2ee14a2, java.home=/usr/lib/jvm/jdk1.8.0_251/jre, java.vm.info=mixed mode, os.version=5.4.0-48-generic, buck.version_uid=ae8e8fc013413f0144b73971eceeff3fd6f51d6c, org.eclipse.jetty.util.log.class=org.eclipse.jetty.util.log.JavaUtilLog, path.separator=:, java.vm.version=25.251-b08, java.awt.printerjob=sun.print.PSPrinterJob, sun.io.unicode.encoding=UnicodeLittle, awt.toolkit=sun.awt.X11.XToolkit, buck.mode=repository, buck.buck_build_type_info=/home/ailabdev/Projects001/buck/config/build_type/LOCAL_ANT/type.txt, buck.dx=/home/ailabdev/Projects001/buck/third-party/java/dx/etc/dx, buck.git_commit_timestamp=1602025855, user.home=/home/ailabdev, java.specification.vendor=Oracle Corporation, buck.git_dirty=0, java.library.path=/usr/java/packages/lib/amd64:/usr/lib64:/lib64:/lib:/usr/lib, java.vendor.url=http://java.oracle.com/, buck.is_buckd=false, java.vm.vendor=Oracle Corporation, java.runtime.name=Java(TM) SE Runtime Environment, sun.java.command=com.facebook.buck.cli.bootstrapper.ClassLoaderBootstrapper com.facebook.buck.cli.MainWithoutNailgun build --command-args-file /home/ailabdev/Projects001/buckaroo_mfast/buck-out/tmp/buck_run.f5mEcb/tmp00itlj :mfast, java.class.path=/home/ailabdev/Projects001/buck/ant-out/bootstrapper/bootstrapper.jar:/home/ailabdev/Projects001/buck/ant-out/buckfilesystem/buckfilesystem.jar, buck.buckd_dir=/home/ailabdev/Projects001/buckaroo_mfast/.buckd, buck.path_to_pathlib_py=/home/ailabdev/Projects001/buck/third-party/py/pathlib/pathlib.py, java.vm.specification.name=Java Virtual Machine Specification, java.vm.specification.version=1.8, sun.cpu.endian=little, sun.os.patch.level=unknown, java.awt.headless=true, java.io.tmpdir=/home/ailabdev/Projects001/buckaroo_mfast/buck-out/tmp/buck_run.f5mEcb, buck.android_agent_path=/home/ailabdev/Projects001/buck/assets/android/agent.apk, java.vendor.url.bug=http://bugreport.sun.com/bugreport/, buck.path_to_python_dsl=/home/ailabdev/Projects001/buck/python-dsl, os.arch=amd64, java.awt.graphicsenv=sun.awt.X11GraphicsEnvironment, java.ext.dirs=/usr/lib/jvm/jdk1.8.0_251/jre/lib/ext:/usr/java/packages/lib/ext, java.util.logging.config.class=com.facebook.buck.cli.bootstrapper.LogConfig, buck.path_to_six_py=/home/ailabdev/Projects001/buck/third-party/py/six/six.py, user.dir=/home/ailabdev/Projects001/buckaroo_mfast, java.nio.file.spi.DefaultFileSystemProvider=com.facebook.buck.core.filesystems.BuckFileSystemProvider, line.separator=
, java.vm.name=Java HotSpot(TM) 64-Bit Server VM, buck.path_to_typing=/home/ailabdev/Projects001/buck/third-party/py/typing/python2, buck.native_exopackage_fake_path=/home/ailabdev/Projects001/buck/assets/android/native-exopackage-fakes.apk, file.encoding=UTF-8, java.specification.version=1.8}
[2020-10-13 20:56:40.550][debug][command:null][tid:01][com.facebook.buck.util.config.Configs] Loading configuration for /home/ailabdev/Projects001/buckaroo_mfast
[2020-10-13 20:56:40.550][debug][command:null][tid:01][com.facebook.buck.util.config.Configs] Loaded project configuration file /home/ailabdev/Projects001/buckaroo_mfast/.buckconfig
[2020-10-13 20:56:40.550][debug][command:null][tid:01][com.facebook.buck.util.config.Configs] Adding configuration overrides RawConfig{values={}}
[2020-10-13 20:56:40.590][debug][command:null][tid:01][com.facebook.buck.cli.MainRunner] Not using Watchman, context present: false, glob handler: PYTHON
[2020-10-13 20:56:40.599][info ][command:null][tid:01][com.facebook.buck.core.plugin.impl.DefaultBuckPluginManager] Time to load instances of interface com.facebook.buck.core.rules.config.ConfigurationRuleDescriptionProvider: 7
[2020-10-13 20:56:40.614][info ][command:null][tid:01][com.facebook.buck.core.plugin.impl.DefaultBuckPluginManager] Time to load instances of interface com.facebook.buck.core.toolchain.ToolchainSupplier: 9
[2020-10-13 20:56:40.716][debug][command:null][tid:01][com.facebook.buck.support.state.BuckGlobalStateLifecycleManager] Starting up daemon state for project root [/home/ailabdev/Projects001/buckaroo_mfast]
[2020-10-13 20:56:40.771][debug][command:null][tid:01][com.facebook.buck.support.state.BuckGlobalStateFactory] Falling back to named cursors: {}
[2020-10-13 20:56:40.772][debug][command:null][tid:01][com.facebook.buck.support.state.BuckGlobalStateFactory] Using Watchman Cursor: {}
[2020-10-13 20:56:40.772][debug][command:null][tid:15][com.facebook.buck.io.AsynchronousDirectoryContentsCleaner] Starting to clean /home/ailabdev/Projects001/buckaroo_mfast/buck-out/.trash
[2020-10-13 20:56:40.776][debug][command:null][tid:15][com.facebook.buck.io.AsynchronousDirectoryContentsCleaner] Done cleaning /home/ailabdev/Projects001/buckaroo_mfast/buck-out/.trash
