[2020-10-13 15:11:33.523][debug][command:a1005d9a-344a-44f9-ba3e-3aefe508893e][tid:01][com.facebook.buck.event.listener.RenderingConsole] Starting render scheduler (interval 100 ms)
[2020-10-13 15:11:33.535][debug][command:null][tid:19][com.facebook.buck.util.perf.ProcessTracker] startUp
[2020-10-13 15:11:33.535][debug][command:null][tid:19][com.facebook.buck.util.perf.ProcessTracker] startUp
[2020-10-13 15:11:45.637][debug][command:a1005d9a-344a-44f9-ba3e-3aefe508893e][tid:01][com.facebook.buck.util.randomizedtrial.RandomizedTrial] Determined key: 'ailabdev@magnai/depsaware_executor/a1005d9a-344a-44f9-ba3e-3aefe508893e'
[2020-10-13 15:11:45.646][debug][command:a1005d9a-344a-44f9-ba3e-3aefe508893e][tid:01][com.facebook.buck.cli.MainRunner] InvocationInfo BuildId=[a1005d9a-344a-44f9-ba3e-3aefe508893e] Args=[build, :mfast/]
[2020-10-13 15:11:45.664][info ][command:a1005d9a-344a-44f9-ba3e-3aefe508893e][tid:01][com.facebook.buck.support.build.report.BuildReportUtils] Build report is not enabled
[2020-10-13 15:11:45.698][warn ][command:null][tid:24][com.facebook.buck.event.listener.PublicAnnouncementManager] Failed to get public announcements. Reason: Failed to establish connection to server.
[2020-10-13 15:11:45.698][warn ][command:null][tid:24][com.facebook.buck.event.listener.PublicAnnouncementManager] Failed to get public announcements. Reason: Failed to establish connection to server.
[2020-10-13 15:11:45.699][info ][command:a1005d9a-344a-44f9-ba3e-3aefe508893e][tid:01][com.facebook.buck.support.build.report.BuildReportUtils] Build report is not enabled
[2020-10-13 15:11:53.744][info ][command:a1005d9a-344a-44f9-ba3e-3aefe508893e][tid:21][com.facebook.buck.event.listener.LoggingBuildListener] Build started at 2020-10-13 15:11:53.744
[2020-10-13 15:11:53.773][warn ][command:a1005d9a-344a-44f9-ba3e-3aefe508893e][tid:01][com.facebook.buck.util.Console] Build failure: No build file at BUCK when resolving target //:mfast/.
[2020-10-13 15:11:53.774][warn ][command:a1005d9a-344a-44f9-ba3e-3aefe508893e][tid:01][com.facebook.buck.util.Console] Build failure: No build file at BUCK when resolving target //:mfast/.
[2020-10-13 15:11:53.774][info ][command:a1005d9a-344a-44f9-ba3e-3aefe508893e][tid:21][com.facebook.buck.event.listener.LoggingBuildListener] Build finished at 2020-10-13 15:11:53.774
[2020-10-13 15:11:53.782][info ][command:a1005d9a-344a-44f9-ba3e-3aefe508893e][tid:21][com.facebook.buck.event.listener.AbstractConsoleEventBusListener] 
Top slow rules: Buck didn't spend time in rules.
[2020-10-13 15:11:53.783][info ][command:a1005d9a-344a-44f9-ba3e-3aefe508893e][tid:21][com.facebook.buck.event.listener.CriticalPathEventListener] Received command finished event for command : build
[2020-10-13 15:11:53.784][info ][command:null][tid:27][com.facebook.buck.core.graph.transformation.executor.impl.AbstractDepsAwareExecutor] Worker was interrupted
[2020-10-13 15:11:53.784][info ][command:null][tid:27][com.facebook.buck.core.graph.transformation.executor.impl.AbstractDepsAwareExecutor] Worker was interrupted
[2020-10-13 15:11:53.784][info ][command:null][tid:28][com.facebook.buck.core.graph.transformation.executor.impl.AbstractDepsAwareExecutor] Worker was interrupted
[2020-10-13 15:11:53.784][info ][command:null][tid:28][com.facebook.buck.core.graph.transformation.executor.impl.AbstractDepsAwareExecutor] Worker was interrupted
[2020-10-13 15:11:53.784][info ][command:null][tid:29][com.facebook.buck.core.graph.transformation.executor.impl.AbstractDepsAwareExecutor] Worker was interrupted
[2020-10-13 15:11:53.784][info ][command:null][tid:33][com.facebook.buck.core.graph.transformation.executor.impl.AbstractDepsAwareExecutor] Worker was interrupted
[2020-10-13 15:11:53.784][info ][command:null][tid:29][com.facebook.buck.core.graph.transformation.executor.impl.AbstractDepsAwareExecutor] Worker was interrupted
[2020-10-13 15:11:53.784][info ][command:null][tid:33][com.facebook.buck.core.graph.transformation.executor.impl.AbstractDepsAwareExecutor] Worker was interrupted
[2020-10-13 15:11:53.784][info ][command:null][tid:30][com.facebook.buck.core.graph.transformation.executor.impl.AbstractDepsAwareExecutor] Worker was interrupted
[2020-10-13 15:11:53.784][info ][command:null][tid:30][com.facebook.buck.core.graph.transformation.executor.impl.AbstractDepsAwareExecutor] Worker was interrupted
[2020-10-13 15:11:53.784][info ][command:null][tid:34][com.facebook.buck.core.graph.transformation.executor.impl.AbstractDepsAwareExecutor] Worker was interrupted
[2020-10-13 15:11:53.784][info ][command:null][tid:34][com.facebook.buck.core.graph.transformation.executor.impl.AbstractDepsAwareExecutor] Worker was interrupted
[2020-10-13 15:11:53.785][info ][command:null][tid:31][com.facebook.buck.core.graph.transformation.executor.impl.AbstractDepsAwareExecutor] Worker was interrupted
[2020-10-13 15:11:53.785][info ][command:null][tid:31][com.facebook.buck.core.graph.transformation.executor.impl.AbstractDepsAwareExecutor] Worker was interrupted
[2020-10-13 15:11:53.786][info ][command:null][tid:32][com.facebook.buck.core.graph.transformation.executor.impl.AbstractDepsAwareExecutor] Worker was interrupted
[2020-10-13 15:11:53.786][info ][command:null][tid:32][com.facebook.buck.core.graph.transformation.executor.impl.AbstractDepsAwareExecutor] Worker was interrupted
[2020-10-13 15:11:53.788][debug][command:a1005d9a-344a-44f9-ba3e-3aefe508893e][tid:19][com.facebook.buck.util.perf.ProcessTracker] shutDown
[2020-10-13 15:11:53.789][debug][command:a1005d9a-344a-44f9-ba3e-3aefe508893e][tid:01][com.facebook.buck.event.listener.RenderingConsole] Stopping render scheduler
[2020-10-13 15:11:53.790][debug][command:a1005d9a-344a-44f9-ba3e-3aefe508893e][tid:01][com.facebook.buck.event.listener.RenderingConsole] Stopping render scheduler
[2020-10-13 15:11:53.790][warn ][command:a1005d9a-344a-44f9-ba3e-3aefe508893e][tid:01][com.facebook.buck.event.listener.RenderingConsole] Stopping console output (stderr was dirty).
[2020-10-13 15:11:53.790][info ][command:a1005d9a-344a-44f9-ba3e-3aefe508893e][tid:01][com.facebook.buck.cli.MainRunner] Awaiting termination of PROJECT executor service. Waiting for all jobs to complete, or up to maximum of 60 seconds...
[2020-10-13 15:11:53.790][info ][command:a1005d9a-344a-44f9-ba3e-3aefe508893e][tid:01][com.facebook.buck.cli.MainRunner] Successfully terminated PROJECT executor service.
[2020-10-13 15:11:53.790][info ][command:a1005d9a-344a-44f9-ba3e-3aefe508893e][tid:01][com.facebook.buck.cli.MainRunner] Awaiting termination of NETWORK executor service. Waiting for all jobs to complete, or up to maximum of 60 seconds...
[2020-10-13 15:11:53.790][info ][command:a1005d9a-344a-44f9-ba3e-3aefe508893e][tid:01][com.facebook.buck.cli.MainRunner] Successfully terminated NETWORK executor service.
[2020-10-13 15:11:53.790][info ][command:a1005d9a-344a-44f9-ba3e-3aefe508893e][tid:01][com.facebook.buck.cli.MainRunner] Awaiting termination of GRAPH_CPU executor service. Waiting for all jobs to complete, or up to maximum of 60 seconds...
[2020-10-13 15:11:53.790][info ][command:a1005d9a-344a-44f9-ba3e-3aefe508893e][tid:01][com.facebook.buck.cli.MainRunner] Successfully terminated GRAPH_CPU executor service.
[2020-10-13 15:11:53.790][info ][command:a1005d9a-344a-44f9-ba3e-3aefe508893e][tid:01][com.facebook.buck.cli.MainRunner] Awaiting termination of CPU executor service. Waiting for all jobs to complete, or up to maximum of 60 seconds...
[2020-10-13 15:11:53.790][info ][command:a1005d9a-344a-44f9-ba3e-3aefe508893e][tid:01][com.facebook.buck.cli.MainRunner] Successfully terminated CPU executor service.
[2020-10-13 15:11:53.791][info ][command:a1005d9a-344a-44f9-ba3e-3aefe508893e][tid:01][com.facebook.buck.cli.MainRunner] Awaiting termination of ScheduledExecutorService executor service. Waiting for all jobs to complete, or up to maximum of 60 seconds...
[2020-10-13 15:11:53.791][info ][command:a1005d9a-344a-44f9-ba3e-3aefe508893e][tid:01][com.facebook.buck.cli.MainRunner] Successfully terminated ScheduledExecutorService executor service.
[2020-10-13 15:11:53.791][info ][command:a1005d9a-344a-44f9-ba3e-3aefe508893e][tid:01][com.facebook.buck.cli.MainRunner] Awaiting termination of CounterAggregatorExecutor executor service. Waiting for all jobs to complete, or up to maximum of 20 seconds...
[2020-10-13 15:11:53.791][info ][command:a1005d9a-344a-44f9-ba3e-3aefe508893e][tid:01][com.facebook.buck.cli.MainRunner] Successfully terminated CounterAggregatorExecutor executor service.
[2020-10-13 15:11:53.791][info ][command:a1005d9a-344a-44f9-ba3e-3aefe508893e][tid:01][com.facebook.buck.cli.MainRunner] Awaiting termination of HTTP Read executor service. Waiting for all jobs to complete, or up to maximum of 1800 seconds...
[2020-10-13 15:11:53.791][info ][command:a1005d9a-344a-44f9-ba3e-3aefe508893e][tid:01][com.facebook.buck.cli.MainRunner] Successfully terminated HTTP Read executor service.
[2020-10-13 15:11:53.791][info ][command:a1005d9a-344a-44f9-ba3e-3aefe508893e][tid:01][com.facebook.buck.cli.MainRunner] Awaiting termination of HTTP Write executor service. Waiting for all jobs to complete, or up to maximum of 1800 seconds...
[2020-10-13 15:11:53.791][info ][command:a1005d9a-344a-44f9-ba3e-3aefe508893e][tid:01][com.facebook.buck.cli.MainRunner] Successfully terminated HTTP Write executor service.
[2020-10-13 15:11:53.791][info ][command:a1005d9a-344a-44f9-ba3e-3aefe508893e][tid:01][com.facebook.buck.cli.MainRunner] Awaiting termination of Disk IO executor service. Waiting for all jobs to complete, or up to maximum of 10 seconds...
[2020-10-13 15:11:53.791][info ][command:a1005d9a-344a-44f9-ba3e-3aefe508893e][tid:01][com.facebook.buck.cli.MainRunner] Successfully terminated Disk IO executor service.
[2020-10-13 15:11:53.793][info ][command:a1005d9a-344a-44f9-ba3e-3aefe508893e][tid:01][com.facebook.buck.cli.MainRunner] Auto fixing is not enabled for command build
[2020-10-13 15:11:53.799][debug][command:null][tid:38][com.facebook.buck.event.listener.ChromeTraceBuildListener] Writing Chrome trace to buck-out/log/2020-10-13_07h11m33s_buildcommand_a1005d9a-344a-44f9-ba3e-3aefe508893e/build.2020-10-13.15-11-45.a1005d9a-344a-44f9-ba3e-3aefe508893e.trace
[2020-10-13 15:11:53.806][debug][command:null][tid:01][com.facebook.buck.cli.MainRunner] Done.
