[2020-10-13 20:55:00.654][debug][command:9c85c79f-eff0-4b41-8548-eb1cd14b73b7][tid:01][com.facebook.buck.event.listener.RenderingConsole] Starting render scheduler (interval 100 ms)
[2020-10-13 20:55:00.662][debug][command:null][tid:19][com.facebook.buck.util.perf.ProcessTracker] startUp
[2020-10-13 20:55:00.662][debug][command:null][tid:19][com.facebook.buck.util.perf.ProcessTracker] startUp
[2020-10-13 20:55:00.750][debug][command:9c85c79f-eff0-4b41-8548-eb1cd14b73b7][tid:01][com.facebook.buck.util.randomizedtrial.RandomizedTrial] Determined key: 'ailabdev@magnai/depsaware_executor/9c85c79f-eff0-4b41-8548-eb1cd14b73b7'
[2020-10-13 20:55:00.758][debug][command:9c85c79f-eff0-4b41-8548-eb1cd14b73b7][tid:01][com.facebook.buck.cli.MainRunner] InvocationInfo BuildId=[9c85c79f-eff0-4b41-8548-eb1cd14b73b7] Args=[build, :mfast]
[2020-10-13 20:55:00.777][info ][command:9c85c79f-eff0-4b41-8548-eb1cd14b73b7][tid:01][com.facebook.buck.support.build.report.BuildReportUtils] Build report is not enabled
[2020-10-13 20:55:00.807][info ][command:9c85c79f-eff0-4b41-8548-eb1cd14b73b7][tid:01][com.facebook.buck.support.build.report.BuildReportUtils] Build report is not enabled
[2020-10-13 20:55:00.808][warn ][command:null][tid:24][com.facebook.buck.event.listener.PublicAnnouncementManager] Failed to get public announcements. Reason: Failed to establish connection to server.
[2020-10-13 20:55:00.808][warn ][command:null][tid:24][com.facebook.buck.event.listener.PublicAnnouncementManager] Failed to get public announcements. Reason: Failed to establish connection to server.
[2020-10-13 20:55:00.835][info ][command:9c85c79f-eff0-4b41-8548-eb1cd14b73b7][tid:21][com.facebook.buck.event.listener.LoggingBuildListener] Build started at 2020-10-13 20:55:00.834
[2020-10-13 20:55:00.864][warn ][command:9c85c79f-eff0-4b41-8548-eb1cd14b73b7][tid:01][com.facebook.buck.util.Console] Build failure: No build file at BUCK when resolving target //:mfast.
[2020-10-13 20:55:00.865][warn ][command:9c85c79f-eff0-4b41-8548-eb1cd14b73b7][tid:01][com.facebook.buck.util.Console] Build failure: No build file at BUCK when resolving target //:mfast.
[2020-10-13 20:55:00.865][info ][command:9c85c79f-eff0-4b41-8548-eb1cd14b73b7][tid:21][com.facebook.buck.event.listener.LoggingBuildListener] Build finished at 2020-10-13 20:55:00.865
[2020-10-13 20:55:00.873][info ][command:9c85c79f-eff0-4b41-8548-eb1cd14b73b7][tid:21][com.facebook.buck.event.listener.AbstractConsoleEventBusListener] 
Top slow rules: Buck didn't spend time in rules.
[2020-10-13 20:55:00.874][info ][command:9c85c79f-eff0-4b41-8548-eb1cd14b73b7][tid:21][com.facebook.buck.event.listener.CriticalPathEventListener] Received command finished event for command : build
[2020-10-13 20:55:00.875][info ][command:null][tid:27][com.facebook.buck.core.graph.transformation.executor.impl.AbstractDepsAwareExecutor] Worker was interrupted
[2020-10-13 20:55:00.875][info ][command:null][tid:34][com.facebook.buck.core.graph.transformation.executor.impl.AbstractDepsAwareExecutor] Worker was interrupted
[2020-10-13 20:55:00.875][info ][command:null][tid:27][com.facebook.buck.core.graph.transformation.executor.impl.AbstractDepsAwareExecutor] Worker was interrupted
[2020-10-13 20:55:00.875][info ][command:null][tid:34][com.facebook.buck.core.graph.transformation.executor.impl.AbstractDepsAwareExecutor] Worker was interrupted
[2020-10-13 20:55:00.876][info ][command:null][tid:32][com.facebook.buck.core.graph.transformation.executor.impl.AbstractDepsAwareExecutor] Worker was interrupted
[2020-10-13 20:55:00.876][info ][command:null][tid:32][com.facebook.buck.core.graph.transformation.executor.impl.AbstractDepsAwareExecutor] Worker was interrupted
[2020-10-13 20:55:00.877][info ][command:null][tid:29][com.facebook.buck.core.graph.transformation.executor.impl.AbstractDepsAwareExecutor] Worker was interrupted
[2020-10-13 20:55:00.877][info ][command:null][tid:33][com.facebook.buck.core.graph.transformation.executor.impl.AbstractDepsAwareExecutor] Worker was interrupted
[2020-10-13 20:55:00.877][info ][command:null][tid:29][com.facebook.buck.core.graph.transformation.executor.impl.AbstractDepsAwareExecutor] Worker was interrupted
[2020-10-13 20:55:00.877][info ][command:null][tid:33][com.facebook.buck.core.graph.transformation.executor.impl.AbstractDepsAwareExecutor] Worker was interrupted
[2020-10-13 20:55:00.877][info ][command:null][tid:30][com.facebook.buck.core.graph.transformation.executor.impl.AbstractDepsAwareExecutor] Worker was interrupted
[2020-10-13 20:55:00.877][info ][command:null][tid:30][com.facebook.buck.core.graph.transformation.executor.impl.AbstractDepsAwareExecutor] Worker was interrupted
[2020-10-13 20:55:00.877][info ][command:null][tid:31][com.facebook.buck.core.graph.transformation.executor.impl.AbstractDepsAwareExecutor] Worker was interrupted
[2020-10-13 20:55:00.877][info ][command:null][tid:31][com.facebook.buck.core.graph.transformation.executor.impl.AbstractDepsAwareExecutor] Worker was interrupted
[2020-10-13 20:55:00.878][info ][command:null][tid:35][com.facebook.buck.core.graph.transformation.executor.impl.AbstractDepsAwareExecutor] Worker was interrupted
[2020-10-13 20:55:00.878][info ][command:null][tid:35][com.facebook.buck.core.graph.transformation.executor.impl.AbstractDepsAwareExecutor] Worker was interrupted
[2020-10-13 20:55:00.879][debug][command:9c85c79f-eff0-4b41-8548-eb1cd14b73b7][tid:19][com.facebook.buck.util.perf.ProcessTracker] shutDown
[2020-10-13 20:55:00.880][debug][command:9c85c79f-eff0-4b41-8548-eb1cd14b73b7][tid:01][com.facebook.buck.event.listener.RenderingConsole] Stopping render scheduler
[2020-10-13 20:55:00.880][debug][command:9c85c79f-eff0-4b41-8548-eb1cd14b73b7][tid:01][com.facebook.buck.event.listener.RenderingConsole] Stopping render scheduler
[2020-10-13 20:55:00.880][warn ][command:9c85c79f-eff0-4b41-8548-eb1cd14b73b7][tid:01][com.facebook.buck.event.listener.RenderingConsole] Stopping console output (stderr was dirty).
[2020-10-13 20:55:00.881][info ][command:9c85c79f-eff0-4b41-8548-eb1cd14b73b7][tid:01][com.facebook.buck.cli.MainRunner] Awaiting termination of PROJECT executor service. Waiting for all jobs to complete, or up to maximum of 60 seconds...
[2020-10-13 20:55:00.881][info ][command:9c85c79f-eff0-4b41-8548-eb1cd14b73b7][tid:01][com.facebook.buck.cli.MainRunner] Successfully terminated PROJECT executor service.
[2020-10-13 20:55:00.881][info ][command:9c85c79f-eff0-4b41-8548-eb1cd14b73b7][tid:01][com.facebook.buck.cli.MainRunner] Awaiting termination of NETWORK executor service. Waiting for all jobs to complete, or up to maximum of 60 seconds...
[2020-10-13 20:55:00.881][info ][command:9c85c79f-eff0-4b41-8548-eb1cd14b73b7][tid:01][com.facebook.buck.cli.MainRunner] Successfully terminated NETWORK executor service.
[2020-10-13 20:55:00.881][info ][command:9c85c79f-eff0-4b41-8548-eb1cd14b73b7][tid:01][com.facebook.buck.cli.MainRunner] Awaiting termination of GRAPH_CPU executor service. Waiting for all jobs to complete, or up to maximum of 60 seconds...
[2020-10-13 20:55:00.881][info ][command:9c85c79f-eff0-4b41-8548-eb1cd14b73b7][tid:01][com.facebook.buck.cli.MainRunner] Successfully terminated GRAPH_CPU executor service.
[2020-10-13 20:55:00.881][info ][command:9c85c79f-eff0-4b41-8548-eb1cd14b73b7][tid:01][com.facebook.buck.cli.MainRunner] Awaiting termination of CPU executor service. Waiting for all jobs to complete, or up to maximum of 60 seconds...
[2020-10-13 20:55:00.881][info ][command:9c85c79f-eff0-4b41-8548-eb1cd14b73b7][tid:01][com.facebook.buck.cli.MainRunner] Successfully terminated CPU executor service.
[2020-10-13 20:55:00.881][info ][command:9c85c79f-eff0-4b41-8548-eb1cd14b73b7][tid:01][com.facebook.buck.cli.MainRunner] Awaiting termination of ScheduledExecutorService executor service. Waiting for all jobs to complete, or up to maximum of 60 seconds...
[2020-10-13 20:55:00.881][info ][command:9c85c79f-eff0-4b41-8548-eb1cd14b73b7][tid:01][com.facebook.buck.cli.MainRunner] Successfully terminated ScheduledExecutorService executor service.
[2020-10-13 20:55:00.881][info ][command:9c85c79f-eff0-4b41-8548-eb1cd14b73b7][tid:01][com.facebook.buck.cli.MainRunner] Awaiting termination of CounterAggregatorExecutor executor service. Waiting for all jobs to complete, or up to maximum of 20 seconds...
[2020-10-13 20:55:00.881][info ][command:9c85c79f-eff0-4b41-8548-eb1cd14b73b7][tid:01][com.facebook.buck.cli.MainRunner] Successfully terminated CounterAggregatorExecutor executor service.
[2020-10-13 20:55:00.882][info ][command:9c85c79f-eff0-4b41-8548-eb1cd14b73b7][tid:01][com.facebook.buck.cli.MainRunner] Awaiting termination of HTTP Read executor service. Waiting for all jobs to complete, or up to maximum of 1800 seconds...
[2020-10-13 20:55:00.882][info ][command:9c85c79f-eff0-4b41-8548-eb1cd14b73b7][tid:01][com.facebook.buck.cli.MainRunner] Successfully terminated HTTP Read executor service.
[2020-10-13 20:55:00.882][info ][command:9c85c79f-eff0-4b41-8548-eb1cd14b73b7][tid:01][com.facebook.buck.cli.MainRunner] Awaiting termination of HTTP Write executor service. Waiting for all jobs to complete, or up to maximum of 1800 seconds...
[2020-10-13 20:55:00.882][info ][command:9c85c79f-eff0-4b41-8548-eb1cd14b73b7][tid:01][com.facebook.buck.cli.MainRunner] Successfully terminated HTTP Write executor service.
[2020-10-13 20:55:00.882][info ][command:9c85c79f-eff0-4b41-8548-eb1cd14b73b7][tid:01][com.facebook.buck.cli.MainRunner] Awaiting termination of Disk IO executor service. Waiting for all jobs to complete, or up to maximum of 10 seconds...
[2020-10-13 20:55:00.882][info ][command:9c85c79f-eff0-4b41-8548-eb1cd14b73b7][tid:01][com.facebook.buck.cli.MainRunner] Successfully terminated Disk IO executor service.
[2020-10-13 20:55:00.883][info ][command:9c85c79f-eff0-4b41-8548-eb1cd14b73b7][tid:01][com.facebook.buck.cli.MainRunner] Auto fixing is not enabled for command build
[2020-10-13 20:55:00.893][debug][command:null][tid:38][com.facebook.buck.event.listener.ChromeTraceBuildListener] Writing Chrome trace to buck-out/log/2020-10-13_12h55m00s_buildcommand_9c85c79f-eff0-4b41-8548-eb1cd14b73b7/build.2020-10-13.20-55-00.9c85c79f-eff0-4b41-8548-eb1cd14b73b7.trace
[2020-10-13 20:55:00.895][debug][command:null][tid:01][com.facebook.buck.cli.MainRunner] Done.
